2018-08-08 14:56:57.427:[ INFO] [main:895] [o.s.c.s.AbstractApplicationContext:prepareRefresh:582] --> Refreshing org.springframework.context.annotation.AnnotationConfigApplicationContext@fa49800: startup date [Wed Aug 08 14:56:57 CST 2018]; root of context hierarchy
2018-08-08 14:56:57.705:[ INFO] [main:1173] [o.s.b.f.a.AutowiredAnnotationBeanPostProcessor:<init>:155] --> JSR-330 'javax.inject.Inject' annotation found and supported for autowiring
2018-08-08 14:56:57.746:[ INFO] [main:1214] [o.s.c.s.PostProcessorRegistrationDelegate$BeanPostProcessorChecker:postProcessAfterInitialization:325] --> Bean 'configurationPropertiesRebinderAutoConfiguration' of type [class org.springframework.cloud.autoconfigure.ConfigurationPropertiesRebinderAutoConfiguration$$EnhancerBySpringCGLIB$$1bc82c1b] is not eligible for getting processed by all BeanPostProcessors (for example: not eligible for auto-proxying)
2018-08-08 14:56:58.127:[ INFO] [main:1595] [o.s.b.SpringApplication:logStartupProfileInfo:637] --> No active profile set, falling back to default profiles: default
2018-08-08 14:56:58.141:[ INFO] [main:1609] [o.s.c.s.AbstractApplicationContext:prepareRefresh:582] --> Refreshing org.springframework.boot.context.embedded.AnnotationConfigEmbeddedWebApplicationContext@6e4de19b: startup date [Wed Aug 08 14:56:58 CST 2018]; parent: org.springframework.context.annotation.AnnotationConfigApplicationContext@fa49800
2018-08-08 14:56:59.344:[ INFO] [main:2812] [o.s.i.c.IntegrationRegistrar:registerHeaderChannelRegistry:330] --> No bean named 'integrationHeaderChannelRegistry' has been explicitly defined. Therefore, a default DefaultHeaderChannelRegistry will be created.
2018-08-08 14:56:59.432:[ INFO] [main:2900] [o.s.d.r.c.RepositoryConfigurationDelegate:multipleStoresDetected:165] --> Multiple Spring Data modules found, entering strict repository configuration mode!
2018-08-08 14:56:59.781:[ INFO] [main:3249] [o.s.c.c.s.GenericScope:setSerializationId:263] --> BeanFactory id=6efbcdb2-fb19-3f62-93b6-9ed4c84375d2
2018-08-08 14:56:59.798:[ INFO] [main:3266] [o.s.i.c.DefaultConfiguringBeanFactoryPostProcessor:registerErrorChannel:130] --> No bean named 'errorChannel' has been explicitly defined. Therefore, a default PublishSubscribeChannel will be created.
2018-08-08 14:56:59.801:[ INFO] [main:3269] [o.s.i.c.DefaultConfiguringBeanFactoryPostProcessor:registerTaskScheduler:158] --> No bean named 'taskScheduler' has been explicitly defined. Therefore, a default ThreadPoolTaskScheduler will be created.
2018-08-08 14:56:59.809:[ INFO] [main:3277] [o.s.b.f.a.AutowiredAnnotationBeanPostProcessor:<init>:155] --> JSR-330 'javax.inject.Inject' annotation found and supported for autowiring
2018-08-08 14:56:59.848:[ INFO] [main:3316] [o.s.c.s.PostProcessorRegistrationDelegate$BeanPostProcessorChecker:postProcessAfterInitialization:325] --> Bean 'org.springframework.boot.autoconfigure.validation.ValidationAutoConfiguration' of type [class org.springframework.boot.autoconfigure.validation.ValidationAutoConfiguration] is not eligible for getting processed by all BeanPostProcessors (for example: not eligible for auto-proxying)
2018-08-08 14:56:59.860:[ INFO] [main:3328] [o.s.c.s.PostProcessorRegistrationDelegate$BeanPostProcessorChecker:postProcessAfterInitialization:325] --> Bean 'validator' of type [class org.springframework.validation.beanvalidation.LocalValidatorFactoryBean] is not eligible for getting processed by all BeanPostProcessors (for example: not eligible for auto-proxying)
2018-08-08 14:56:59.874:[ INFO] [main:3342] [o.s.c.s.PostProcessorRegistrationDelegate$BeanPostProcessorChecker:postProcessAfterInitialization:325] --> Bean 'org.springframework.amqp.rabbit.annotation.RabbitBootstrapConfiguration' of type [class org.springframework.amqp.rabbit.annotation.RabbitBootstrapConfiguration$$EnhancerBySpringCGLIB$$c619e74c] is not eligible for getting processed by all BeanPostProcessors (for example: not eligible for auto-proxying)
2018-08-08 14:56:59.932:[ INFO] [main:3400] [o.s.c.s.PostProcessorRegistrationDelegate$BeanPostProcessorChecker:postProcessAfterInitialization:325] --> Bean 'org.springframework.cloud.sleuth.instrument.async.AsyncDefaultAutoConfiguration$DefaultAsyncConfigurerSupport' of type [class org.springframework.cloud.sleuth.instrument.async.AsyncDefaultAutoConfiguration$DefaultAsyncConfigurerSupport$$EnhancerBySpringCGLIB$$3cefc6e1] is not eligible for getting processed by all BeanPostProcessors (for example: not eligible for auto-proxying)
2018-08-08 14:57:00.055:[ INFO] [main:3523] [o.s.c.s.PostProcessorRegistrationDelegate$BeanPostProcessorChecker:postProcessAfterInitialization:325] --> Bean 'org.springframework.cloud.sleuth.annotation.SleuthAnnotationAutoConfiguration' of type [class org.springframework.cloud.sleuth.annotation.SleuthAnnotationAutoConfiguration$$EnhancerBySpringCGLIB$$2136f50] is not eligible for getting processed by all BeanPostProcessors (for example: not eligible for auto-proxying)
2018-08-08 14:57:00.236:[ INFO] [main:3704] [o.s.c.s.PostProcessorRegistrationDelegate$BeanPostProcessorChecker:postProcessAfterInitialization:325] --> Bean 'sleuthAdvisorConfig' of type [class org.springframework.cloud.sleuth.annotation.SleuthAdvisorConfig] is not eligible for getting processed by all BeanPostProcessors (for example: not eligible for auto-proxying)
2018-08-08 14:57:00.246:[ INFO] [main:3714] [o.s.c.s.PostProcessorRegistrationDelegate$BeanPostProcessorChecker:postProcessAfterInitialization:325] --> Bean 'org.springframework.transaction.annotation.ProxyTransactionManagementConfiguration' of type [class org.springframework.transaction.annotation.ProxyTransactionManagementConfiguration$$EnhancerBySpringCGLIB$$ffae291e] is not eligible for getting processed by all BeanPostProcessors (for example: not eligible for auto-proxying)
2018-08-08 14:57:00.328:[ INFO] [main:3796] [o.s.c.s.PostProcessorRegistrationDelegate$BeanPostProcessorChecker:postProcessAfterInitialization:325] --> Bean 'org.springframework.cloud.netflix.metrics.MetricsInterceptorConfiguration$MetricsRestTemplateConfiguration' of type [class org.springframework.cloud.netflix.metrics.MetricsInterceptorConfiguration$MetricsRestTemplateConfiguration$$EnhancerBySpringCGLIB$$31dacf5f] is not eligible for getting processed by all BeanPostProcessors (for example: not eligible for auto-proxying)
2018-08-08 14:57:00.370:[ INFO] [main:3838] [o.s.c.s.PostProcessorRegistrationDelegate$BeanPostProcessorChecker:postProcessAfterInitialization:325] --> Bean 'integrationGlobalProperties' of type [class org.springframework.beans.factory.config.PropertiesFactoryBean] is not eligible for getting processed by all BeanPostProcessors (for example: not eligible for auto-proxying)
2018-08-08 14:57:00.383:[ INFO] [main:3851] [o.s.c.s.PostProcessorRegistrationDelegate$BeanPostProcessorChecker:postProcessAfterInitialization:325] --> Bean 'integrationGlobalProperties' of type [class java.util.Properties] is not eligible for getting processed by all BeanPostProcessors (for example: not eligible for auto-proxying)
2018-08-08 14:57:00.450:[ INFO] [main:3918] [o.s.c.s.PostProcessorRegistrationDelegate$BeanPostProcessorChecker:postProcessAfterInitialization:325] --> Bean 'org.springframework.cloud.autoconfigure.ConfigurationPropertiesRebinderAutoConfiguration' of type [class org.springframework.cloud.autoconfigure.ConfigurationPropertiesRebinderAutoConfiguration$$EnhancerBySpringCGLIB$$1bc82c1b] is not eligible for getting processed by all BeanPostProcessors (for example: not eligible for auto-proxying)
2018-08-08 14:57:00.472:[ INFO] [main:3940] [o.s.c.s.PostProcessorRegistrationDelegate$BeanPostProcessorChecker:postProcessAfterInitialization:325] --> Bean 'org.springframework.cloud.stream.config.BindingServiceConfiguration$PostProcessorConfiguration' of type [class org.springframework.cloud.stream.config.BindingServiceConfiguration$PostProcessorConfiguration$$EnhancerBySpringCGLIB$$c175c723] is not eligible for getting processed by all BeanPostProcessors (for example: not eligible for auto-proxying)
2018-08-08 14:57:00.539:[ INFO] [main:4007] [o.s.c.s.PostProcessorRegistrationDelegate$BeanPostProcessorChecker:postProcessAfterInitialization:325] --> Bean 'org.springframework.cloud.sleuth.instrument.web.client.feign.TraceFeignClientAutoConfiguration$FeignBeanPostProcessorConfiguration' of type [class org.springframework.cloud.sleuth.instrument.web.client.feign.TraceFeignClientAutoConfiguration$FeignBeanPostProcessorConfiguration$$EnhancerBySpringCGLIB$$3f4001e4] is not eligible for getting processed by all BeanPostProcessors (for example: not eligible for auto-proxying)
2018-08-08 14:57:01.013:[ INFO] [main:4481] [o.s.b.c.e.t.TomcatEmbeddedServletContainer:initialize:89] --> Tomcat initialized with port(s): 9998 (http)
2018-08-08 14:57:01.022:[ INFO] [main:4490] [o.a.j.l.DirectJDKLog:log:179] --> Starting service Tomcat
2018-08-08 14:57:01.023:[ INFO] [main:4491] [o.a.j.l.DirectJDKLog:log:179] --> Starting Servlet Engine: Apache Tomcat/8.5.11
2018-08-08 14:57:01.116:[ INFO] [localhost-startStop-1:4584] [o.a.j.l.DirectJDKLog:log:179] --> Initializing Spring embedded WebApplicationContext
2018-08-08 14:57:01.117:[ INFO] [localhost-startStop-1:4585] [o.s.b.c.e.EmbeddedWebApplicationContext:prepareEmbeddedWebApplicationContext:276] --> Root WebApplicationContext: initialization completed in 2976 ms
2018-08-08 14:57:02.524:[ INFO] [localhost-startStop-1:5992] [o.s.b.w.s.AbstractFilterRegistrationBean:configure:258] --> Mapping filter: 'metricsFilter' to: [/*]
2018-08-08 14:57:02.524:[ INFO] [localhost-startStop-1:5992] [o.s.b.w.s.AbstractFilterRegistrationBean:configure:258] --> Mapping filter: 'characterEncodingFilter' to: [/*]
2018-08-08 14:57:02.524:[ INFO] [localhost-startStop-1:5992] [o.s.b.w.s.AbstractFilterRegistrationBean:configure:258] --> Mapping filter: 'traceFilter' to: [/*]
2018-08-08 14:57:02.525:[ INFO] [localhost-startStop-1:5993] [o.s.b.w.s.AbstractFilterRegistrationBean:configure:258] --> Mapping filter: 'hiddenHttpMethodFilter' to: [/*]
2018-08-08 14:57:02.525:[ INFO] [localhost-startStop-1:5993] [o.s.b.w.s.AbstractFilterRegistrationBean:configure:258] --> Mapping filter: 'httpPutFormContentFilter' to: [/*]
2018-08-08 14:57:02.525:[ INFO] [localhost-startStop-1:5993] [o.s.b.w.s.AbstractFilterRegistrationBean:configure:258] --> Mapping filter: 'requestContextFilter' to: [/*]
2018-08-08 14:57:02.526:[ INFO] [localhost-startStop-1:5994] [o.s.b.w.s.AbstractFilterRegistrationBean:configure:258] --> Mapping filter: 'springSecurityFilterChain' to: [/*]
2018-08-08 14:57:02.526:[ INFO] [localhost-startStop-1:5994] [o.s.b.w.s.AbstractFilterRegistrationBean:configure:258] --> Mapping filter: 'webRequestLoggingFilter' to: [/*]
2018-08-08 14:57:02.526:[ INFO] [localhost-startStop-1:5994] [o.s.b.w.s.AbstractFilterRegistrationBean:configure:258] --> Mapping filter: 'applicationContextIdFilter' to: [/*]
2018-08-08 14:57:02.526:[ INFO] [localhost-startStop-1:5994] [o.s.b.w.s.ServletRegistrationBean:onStartup:190] --> Mapping servlet: 'dispatcherServlet' to [/]
2018-08-08 14:57:02.591:[ WARN] [main:6059] [o.s.c.s.AbstractApplicationContext:refresh:550] --> Exception encountered during context initialization - cancelling refresh attempt: org.springframework.beans.factory.UnsatisfiedDependencyException: Error creating bean with name 'articleServiceImpl': Unsatisfied dependency expressed through field 'idGenerator'; nested exception is org.springframework.beans.factory.NoSuchBeanDefinitionException: No qualifying bean of type 'com.hengyunsoft.base.id.IdGenerate<java.lang.Long>' available: expected at least 1 bean which qualifies as autowire candidate. Dependency annotations: {@org.springframework.beans.factory.annotation.Autowired(required=true)}
2018-08-08 14:57:02.597:[ WARN] [main:6065] [o.s.b.SpringApplicationRunListeners:callFinishedListener:91] --> Error handling failed (Error creating bean with name 'delegatingApplicationListener' defined in class path resource [org/springframework/security/config/annotation/web/configuration/WebSecurityConfiguration.class]: BeanPostProcessor before instantiation of bean failed; nested exception is org.springframework.beans.factory.BeanCreationException: Error creating bean with name 'org.springframework.transaction.config.internalTransactionAdvisor' defined in class path resource [org/springframework/transaction/annotation/ProxyTransactionManagementConfiguration.class]: Bean instantiation via factory method failed; nested exception is org.springframework.beans.BeanInstantiationException: Failed to instantiate [org.springframework.transaction.interceptor.BeanFactoryTransactionAttributeSourceAdvisor]: Factory method 'transactionAdvisor' threw exception; nested exception is java.lang.NullPointerException)
2018-08-08 14:57:02.764:[ERROR] [main:6232] [o.s.b.d.LoggingFailureAnalysisReporter:report:42] --> 

***************************
APPLICATION FAILED TO START
***************************

Description:

Field idGenerator in com.hengyunsoft.base.service.impl.BaseServiceImpl required a bean of type 'com.hengyunsoft.base.id.IdGenerate' that could not be found.


Action:

Consider defining a bean of type 'com.hengyunsoft.base.id.IdGenerate' in your configuration.

