2018-05-28 09:31:43.732:[ INFO] [main:827] [o.s.c.s.AbstractApplicationContext:prepareRefresh:582] --> Refreshing org.springframework.context.annotation.AnnotationConfigApplicationContext@dd05255: startup date [Mon May 28 09:31:43 CST 2018]; root of context hierarchy
2018-05-28 09:31:44.067:[ INFO] [main:1162] [o.s.b.f.a.AutowiredAnnotationBeanPostProcessor:<init>:155] --> JSR-330 'javax.inject.Inject' annotation found and supported for autowiring
2018-05-28 09:31:44.174:[ INFO] [main:1269] [o.s.c.s.PostProcessorRegistrationDelegate$BeanPostProcessorChecker:postProcessAfterInitialization:325] --> Bean 'configurationPropertiesRebinderAutoConfiguration' of type [class org.springframework.cloud.autoconfigure.ConfigurationPropertiesRebinderAutoConfiguration$$EnhancerBySpringCGLIB$$a0ba8128] is not eligible for getting processed by all BeanPostProcessors (for example: not eligible for auto-proxying)
2018-05-28 09:31:44.694:[ INFO] [main:1789] [o.s.b.SpringApplication:logStartupProfileInfo:641] --> The following profiles are active: dev
2018-05-28 09:31:44.715:[ INFO] [main:1810] [o.s.c.s.AbstractApplicationContext:prepareRefresh:582] --> Refreshing org.springframework.boot.context.embedded.AnnotationConfigEmbeddedWebApplicationContext@5dd91bca: startup date [Mon May 28 09:31:44 CST 2018]; parent: org.springframework.context.annotation.AnnotationConfigApplicationContext@dd05255
2018-05-28 09:31:45.596:[ INFO] [main:2691] [o.s.c.c.s.GenericScope:setSerializationId:263] --> BeanFactory id=ab5f97ff-41c1-3515-aac2-2bf2d35daa84
2018-05-28 09:31:45.607:[ INFO] [main:2702] [o.s.b.f.a.AutowiredAnnotationBeanPostProcessor:<init>:155] --> JSR-330 'javax.inject.Inject' annotation found and supported for autowiring
2018-05-28 09:31:45.622:[ INFO] [main:2717] [o.s.c.s.PostProcessorRegistrationDelegate$BeanPostProcessorChecker:postProcessAfterInitialization:325] --> Bean 'org.springframework.boot.autoconfigure.validation.ValidationAutoConfiguration' of type [class org.springframework.boot.autoconfigure.validation.ValidationAutoConfiguration] is not eligible for getting processed by all BeanPostProcessors (for example: not eligible for auto-proxying)
2018-05-28 09:31:45.630:[ INFO] [main:2725] [o.s.c.s.PostProcessorRegistrationDelegate$BeanPostProcessorChecker:postProcessAfterInitialization:325] --> Bean 'validator' of type [class org.springframework.validation.beanvalidation.LocalValidatorFactoryBean] is not eligible for getting processed by all BeanPostProcessors (for example: not eligible for auto-proxying)
2018-05-28 09:31:45.653:[ INFO] [main:2748] [o.s.c.s.PostProcessorRegistrationDelegate$BeanPostProcessorChecker:postProcessAfterInitialization:325] --> Bean 'org.springframework.cloud.netflix.metrics.MetricsInterceptorConfiguration$MetricsRestTemplateConfiguration' of type [class org.springframework.cloud.netflix.metrics.MetricsInterceptorConfiguration$MetricsRestTemplateConfiguration$$EnhancerBySpringCGLIB$$b6cd246c] is not eligible for getting processed by all BeanPostProcessors (for example: not eligible for auto-proxying)
2018-05-28 09:31:45.661:[ INFO] [main:2756] [o.s.c.s.PostProcessorRegistrationDelegate$BeanPostProcessorChecker:postProcessAfterInitialization:325] --> Bean 'org.springframework.cloud.autoconfigure.ConfigurationPropertiesRebinderAutoConfiguration' of type [class org.springframework.cloud.autoconfigure.ConfigurationPropertiesRebinderAutoConfiguration$$EnhancerBySpringCGLIB$$a0ba8128] is not eligible for getting processed by all BeanPostProcessors (for example: not eligible for auto-proxying)
2018-05-28 09:31:46.016:[ INFO] [main:3111] [o.s.b.c.e.t.TomcatEmbeddedServletContainer:initialize:89] --> Tomcat initialized with port(s): 10030 (http)
2018-05-28 09:31:46.042:[ INFO] [main:3137] [o.a.j.l.DirectJDKLog:log:179] --> Starting service Tomcat
2018-05-28 09:31:46.043:[ INFO] [main:3138] [o.a.j.l.DirectJDKLog:log:179] --> Starting Servlet Engine: Apache Tomcat/8.5.11
2018-05-28 09:31:46.169:[ INFO] [localhost-startStop-1:3264] [o.a.j.l.DirectJDKLog:log:179] --> Initializing Spring embedded WebApplicationContext
2018-05-28 09:31:46.169:[ INFO] [localhost-startStop-1:3264] [o.s.b.c.e.EmbeddedWebApplicationContext:prepareEmbeddedWebApplicationContext:276] --> Root WebApplicationContext: initialization completed in 1454 ms
2018-05-28 09:31:46.767:[ INFO] [localhost-startStop-1:3862] [o.s.b.w.s.AbstractFilterRegistrationBean:configure:258] --> Mapping filter: 'metricsFilter' to: [/*]
2018-05-28 09:31:46.768:[ INFO] [localhost-startStop-1:3863] [o.s.b.w.s.AbstractFilterRegistrationBean:configure:258] --> Mapping filter: 'characterEncodingFilter' to: [/*]
2018-05-28 09:31:46.768:[ INFO] [localhost-startStop-1:3863] [o.s.b.w.s.AbstractFilterRegistrationBean:configure:258] --> Mapping filter: 'hiddenHttpMethodFilter' to: [/*]
2018-05-28 09:31:46.768:[ INFO] [localhost-startStop-1:3863] [o.s.b.w.s.AbstractFilterRegistrationBean:configure:258] --> Mapping filter: 'httpPutFormContentFilter' to: [/*]
2018-05-28 09:31:46.768:[ INFO] [localhost-startStop-1:3863] [o.s.b.w.s.AbstractFilterRegistrationBean:configure:258] --> Mapping filter: 'requestContextFilter' to: [/*]
2018-05-28 09:31:46.768:[ INFO] [localhost-startStop-1:3863] [o.s.b.w.s.AbstractFilterRegistrationBean:configure:258] --> Mapping filter: 'webRequestTraceFilter' to: [/*]
2018-05-28 09:31:46.769:[ INFO] [localhost-startStop-1:3864] [o.s.b.w.s.AbstractFilterRegistrationBean:configure:271] --> Mapping filter: 'servletContainer' to urls: [/eureka/*]
2018-05-28 09:31:46.769:[ INFO] [localhost-startStop-1:3864] [o.s.b.w.s.AbstractFilterRegistrationBean:configure:258] --> Mapping filter: 'applicationContextIdFilter' to: [/*]
2018-05-28 09:31:46.769:[ INFO] [localhost-startStop-1:3864] [o.s.b.w.s.ServletRegistrationBean:onStartup:190] --> Mapping servlet: 'dispatcherServlet' to [/]
2018-05-28 09:31:46.838:[ INFO] [localhost-startStop-1:3933] [c.s.j.s.i.a.WebApplicationImpl:_initiate:815] --> Initiating Jersey application, version 'Jersey: 1.19.1 03/11/2016 02:08 PM'
2018-05-28 09:31:46.891:[ INFO] [localhost-startStop-1:3986] [c.n.d.p.DiscoveryJerseyProvider:<init>:70] --> Using JSON encoding codec LegacyJacksonJson
2018-05-28 09:31:46.892:[ INFO] [localhost-startStop-1:3987] [c.n.d.p.DiscoveryJerseyProvider:<init>:71] --> Using JSON decoding codec LegacyJacksonJson
2018-05-28 09:31:47.047:[ INFO] [localhost-startStop-1:4142] [c.n.d.p.DiscoveryJerseyProvider:<init>:80] --> Using XML encoding codec XStreamXml
2018-05-28 09:31:47.048:[ INFO] [localhost-startStop-1:4143] [c.n.d.p.DiscoveryJerseyProvider:<init>:81] --> Using XML decoding codec XStreamXml
2018-05-28 09:31:47.845:[ INFO] [main:4940] [o.s.w.s.m.m.a.RequestMappingHandlerAdapter:initControllerAdviceCache:534] --> Looking for @ControllerAdvice: org.springframework.boot.context.embedded.AnnotationConfigEmbeddedWebApplicationContext@5dd91bca: startup date [Mon May 28 09:31:44 CST 2018]; parent: org.springframework.context.annotation.AnnotationConfigApplicationContext@dd05255
2018-05-28 09:31:48.002:[ INFO] [main:5097] [o.s.w.s.h.AbstractHandlerMethodMapping$MappingRegistry:register:543] --> Mapped "{[/error]}" onto public org.springframework.http.ResponseEntity<java.util.Map<java.lang.String, java.lang.Object>> org.springframework.boot.autoconfigure.web.BasicErrorController.error(javax.servlet.http.HttpServletRequest)
2018-05-28 09:31:48.003:[ INFO] [main:5098] [o.s.w.s.h.AbstractHandlerMethodMapping$MappingRegistry:register:543] --> Mapped "{[/error],produces=[text/html]}" onto public org.springframework.web.servlet.ModelAndView org.springframework.boot.autoconfigure.web.BasicErrorController.errorHtml(javax.servlet.http.HttpServletRequest,javax.servlet.http.HttpServletResponse)
2018-05-28 09:31:48.007:[ INFO] [main:5102] [o.s.w.s.h.AbstractHandlerMethodMapping$MappingRegistry:register:543] --> Mapped "{[/],methods=[GET]}" onto public java.lang.String org.springframework.cloud.netflix.eureka.server.EurekaController.status(javax.servlet.http.HttpServletRequest,java.util.Map<java.lang.String, java.lang.Object>)
2018-05-28 09:31:48.007:[ INFO] [main:5102] [o.s.w.s.h.AbstractHandlerMethodMapping$MappingRegistry:register:543] --> Mapped "{[/lastn],methods=[GET]}" onto public java.lang.String org.springframework.cloud.netflix.eureka.server.EurekaController.lastn(javax.servlet.http.HttpServletRequest,java.util.Map<java.lang.String, java.lang.Object>)
2018-05-28 09:31:48.028:[ INFO] [main:5123] [o.s.w.s.h.AbstractUrlHandlerMapping:registerHandler:354] --> Mapped URL path [/webjars/**] onto handler of type [class org.springframework.web.servlet.resource.ResourceHttpRequestHandler]
2018-05-28 09:31:48.028:[ INFO] [main:5123] [o.s.w.s.h.AbstractUrlHandlerMapping:registerHandler:354] --> Mapped URL path [/**] onto handler of type [class org.springframework.web.servlet.resource.ResourceHttpRequestHandler]
2018-05-28 09:31:48.069:[ INFO] [main:5164] [o.s.w.s.h.AbstractUrlHandlerMapping:registerHandler:354] --> Mapped URL path [/**/favicon.ico] onto handler of type [class org.springframework.web.servlet.resource.ResourceHttpRequestHandler]
2018-05-28 09:31:48.549:[ INFO] [main:5644] [o.s.w.s.h.AbstractHandlerMethodMapping$MappingRegistry:register:543] --> Mapped "{[/mgmt/beans || /mgmt/beans.json],methods=[GET],produces=[application/vnd.spring-boot.actuator.v1+json || application/json]}" onto public java.lang.Object org.springframework.boot.actuate.endpoint.mvc.EndpointMvcAdapter.invoke()
2018-05-28 09:31:48.550:[ INFO] [main:5645] [o.s.w.s.h.AbstractHandlerMethodMapping$MappingRegistry:register:543] --> Mapped "{[/mgmt/service-registry/instance-status],methods=[GET]}" onto public org.springframework.http.ResponseEntity org.springframework.cloud.client.serviceregistry.endpoint.ServiceRegistryEndpoint.getStatus()
2018-05-28 09:31:48.550:[ INFO] [main:5645] [o.s.w.s.h.AbstractHandlerMethodMapping$MappingRegistry:register:543] --> Mapped "{[/mgmt/service-registry/instance-status],methods=[POST]}" onto public org.springframework.http.ResponseEntity<?> org.springframework.cloud.client.serviceregistry.endpoint.ServiceRegistryEndpoint.setStatus(java.lang.String)
2018-05-28 09:31:48.551:[ INFO] [main:5646] [o.s.w.s.h.AbstractHandlerMethodMapping$MappingRegistry:register:543] --> Mapped "{[/mgmt/env/{name:.*}],methods=[GET],produces=[application/vnd.spring-boot.actuator.v1+json || application/json]}" onto public java.lang.Object org.springframework.boot.actuate.endpoint.mvc.EnvironmentMvcEndpoint.value(java.lang.String)
2018-05-28 09:31:48.551:[ INFO] [main:5646] [o.s.w.s.h.AbstractHandlerMethodMapping$MappingRegistry:register:543] --> Mapped "{[/mgmt/env || /mgmt/env.json],methods=[GET],produces=[application/vnd.spring-boot.actuator.v1+json || application/json]}" onto public java.lang.Object org.springframework.boot.actuate.endpoint.mvc.EndpointMvcAdapter.invoke()
2018-05-28 09:31:48.552:[ INFO] [main:5647] [o.s.w.s.h.AbstractHandlerMethodMapping$MappingRegistry:register:543] --> Mapped "{[/mgmt/info || /mgmt/info.json],methods=[GET],produces=[application/vnd.spring-boot.actuator.v1+json || application/json]}" onto public java.lang.Object org.springframework.boot.actuate.endpoint.mvc.EndpointMvcAdapter.invoke()
2018-05-28 09:31:48.552:[ INFO] [main:5647] [o.s.w.s.h.AbstractHandlerMethodMapping$MappingRegistry:register:543] --> Mapped "{[/mgmt/restart || /mgmt/restart.json],methods=[POST]}" onto public java.lang.Object org.springframework.cloud.context.restart.RestartMvcEndpoint.invoke()
2018-05-28 09:31:48.552:[ INFO] [main:5647] [o.s.w.s.h.AbstractHandlerMethodMapping$MappingRegistry:register:543] --> Mapped "{[/mgmt/env],methods=[POST]}" onto public java.lang.Object org.springframework.cloud.context.environment.EnvironmentManagerMvcEndpoint.value(java.util.Map<java.lang.String, java.lang.String>)
2018-05-28 09:31:48.553:[ INFO] [main:5648] [o.s.w.s.h.AbstractHandlerMethodMapping$MappingRegistry:register:543] --> Mapped "{[/mgmt/env/reset],methods=[POST]}" onto public java.util.Map<java.lang.String, java.lang.Object> org.springframework.cloud.context.environment.EnvironmentManagerMvcEndpoint.reset()
2018-05-28 09:31:48.553:[ INFO] [main:5648] [o.s.w.s.h.AbstractHandlerMethodMapping$MappingRegistry:register:543] --> Mapped "{[/mgmt/features || /mgmt/features.json],methods=[GET],produces=[application/vnd.spring-boot.actuator.v1+json || application/json]}" onto public java.lang.Object org.springframework.boot.actuate.endpoint.mvc.EndpointMvcAdapter.invoke()
2018-05-28 09:31:48.555:[ INFO] [main:5650] [o.s.w.s.h.AbstractHandlerMethodMapping$MappingRegistry:register:543] --> Mapped "{[/mgmt/loggers/{name:.*}],methods=[GET],produces=[application/vnd.spring-boot.actuator.v1+json || application/json]}" onto public java.lang.Object org.springframework.boot.actuate.endpoint.mvc.LoggersMvcEndpoint.get(java.lang.String)
2018-05-28 09:31:48.556:[ INFO] [main:5651] [o.s.w.s.h.AbstractHandlerMethodMapping$MappingRegistry:register:543] --> Mapped "{[/mgmt/loggers/{name:.*}],methods=[POST],consumes=[application/vnd.spring-boot.actuator.v1+json || application/json],produces=[application/vnd.spring-boot.actuator.v1+json || application/json]}" onto public java.lang.Object org.springframework.boot.actuate.endpoint.mvc.LoggersMvcEndpoint.set(java.lang.String,java.util.Map<java.lang.String, java.lang.String>)
2018-05-28 09:31:48.556:[ INFO] [main:5651] [o.s.w.s.h.AbstractHandlerMethodMapping$MappingRegistry:register:543] --> Mapped "{[/mgmt/loggers || /mgmt/loggers.json],methods=[GET],produces=[application/vnd.spring-boot.actuator.v1+json || application/json]}" onto public java.lang.Object org.springframework.boot.actuate.endpoint.mvc.EndpointMvcAdapter.invoke()
2018-05-28 09:31:48.557:[ INFO] [main:5652] [o.s.w.s.h.AbstractHandlerMethodMapping$MappingRegistry:register:543] --> Mapped "{[/mgmt/logfile || /mgmt/logfile.json],methods=[GET || HEAD]}" onto public void org.springframework.boot.actuate.endpoint.mvc.LogFileMvcEndpoint.invoke(javax.servlet.http.HttpServletRequest,javax.servlet.http.HttpServletResponse) throws javax.servlet.ServletException,java.io.IOException
2018-05-28 09:31:48.557:[ INFO] [main:5652] [o.s.w.s.h.AbstractHandlerMethodMapping$MappingRegistry:register:543] --> Mapped "{[/mgmt/trace || /mgmt/trace.json],methods=[GET],produces=[application/vnd.spring-boot.actuator.v1+json || application/json]}" onto public java.lang.Object org.springframework.boot.actuate.endpoint.mvc.EndpointMvcAdapter.invoke()
2018-05-28 09:31:48.558:[ INFO] [main:5653] [o.s.w.s.h.AbstractHandlerMethodMapping$MappingRegistry:register:543] --> Mapped "{[/mgmt/configprops || /mgmt/configprops.json],methods=[GET],produces=[application/vnd.spring-boot.actuator.v1+json || application/json]}" onto public java.lang.Object org.springframework.boot.actuate.endpoint.mvc.EndpointMvcAdapter.invoke()
2018-05-28 09:31:48.558:[ INFO] [main:5653] [o.s.w.s.h.AbstractHandlerMethodMapping$MappingRegistry:register:543] --> Mapped "{[/mgmt/resume || /mgmt/resume.json],methods=[POST]}" onto public java.lang.Object org.springframework.cloud.endpoint.GenericPostableMvcEndpoint.invoke()
2018-05-28 09:31:48.559:[ INFO] [main:5654] [o.s.w.s.h.AbstractHandlerMethodMapping$MappingRegistry:register:543] --> Mapped "{[/mgmt/heapdump || /mgmt/heapdump.json],methods=[GET],produces=[application/octet-stream]}" onto public void org.springframework.boot.actuate.endpoint.mvc.HeapdumpMvcEndpoint.invoke(boolean,javax.servlet.http.HttpServletRequest,javax.servlet.http.HttpServletResponse) throws java.io.IOException,javax.servlet.ServletException
2018-05-28 09:31:48.560:[ INFO] [main:5655] [o.s.w.s.h.AbstractHandlerMethodMapping$MappingRegistry:register:543] --> Mapped "{[/mgmt/archaius || /mgmt/archaius.json],methods=[GET],produces=[application/vnd.spring-boot.actuator.v1+json || application/json]}" onto public java.lang.Object org.springframework.boot.actuate.endpoint.mvc.EndpointMvcAdapter.invoke()
2018-05-28 09:31:48.560:[ INFO] [main:5655] [o.s.w.s.h.AbstractHandlerMethodMapping$MappingRegistry:register:543] --> Mapped "{[/mgmt/pause || /mgmt/pause.json],methods=[POST]}" onto public java.lang.Object org.springframework.cloud.endpoint.GenericPostableMvcEndpoint.invoke()
2018-05-28 09:31:48.561:[ INFO] [main:5656] [o.s.w.s.h.AbstractHandlerMethodMapping$MappingRegistry:register:543] --> Mapped "{[/mgmt/metrics/{name:.*}],methods=[GET],produces=[application/vnd.spring-boot.actuator.v1+json || application/json]}" onto public java.lang.Object org.springframework.boot.actuate.endpoint.mvc.MetricsMvcEndpoint.value(java.lang.String)
2018-05-28 09:31:48.561:[ INFO] [main:5656] [o.s.w.s.h.AbstractHandlerMethodMapping$MappingRegistry:register:543] --> Mapped "{[/mgmt/metrics || /mgmt/metrics.json],methods=[GET],produces=[application/vnd.spring-boot.actuator.v1+json || application/json]}" onto public java.lang.Object org.springframework.boot.actuate.endpoint.mvc.EndpointMvcAdapter.invoke()
2018-05-28 09:31:48.562:[ INFO] [main:5657] [o.s.w.s.h.AbstractHandlerMethodMapping$MappingRegistry:register:543] --> Mapped "{[/mgmt/dump || /mgmt/dump.json],methods=[GET],produces=[application/vnd.spring-boot.actuator.v1+json || application/json]}" onto public java.lang.Object org.springframework.boot.actuate.endpoint.mvc.EndpointMvcAdapter.invoke()
2018-05-28 09:31:48.562:[ INFO] [main:5657] [o.s.w.s.h.AbstractHandlerMethodMapping$MappingRegistry:register:543] --> Mapped "{[/mgmt/autoconfig || /mgmt/autoconfig.json],methods=[GET],produces=[application/vnd.spring-boot.actuator.v1+json || application/json]}" onto public java.lang.Object org.springframework.boot.actuate.endpoint.mvc.EndpointMvcAdapter.invoke()
2018-05-28 09:31:48.562:[ INFO] [main:5657] [o.s.w.s.h.AbstractHandlerMethodMapping$MappingRegistry:register:543] --> Mapped "{[/mgmt/health || /mgmt/health.json],methods=[GET],produces=[application/vnd.spring-boot.actuator.v1+json || application/json]}" onto public java.lang.Object org.springframework.boot.actuate.endpoint.mvc.HealthMvcEndpoint.invoke(javax.servlet.http.HttpServletRequest)
2018-05-28 09:31:48.563:[ INFO] [main:5658] [o.s.w.s.h.AbstractHandlerMethodMapping$MappingRegistry:register:543] --> Mapped "{[/mgmt/auditevents || /mgmt/auditevents.json],methods=[GET],produces=[application/vnd.spring-boot.actuator.v1+json || application/json]}" onto public org.springframework.http.ResponseEntity<?> org.springframework.boot.actuate.endpoint.mvc.AuditEventsMvcEndpoint.findByPrincipalAndAfterAndType(java.lang.String,java.util.Date,java.lang.String)
2018-05-28 09:31:48.563:[ INFO] [main:5658] [o.s.w.s.h.AbstractHandlerMethodMapping$MappingRegistry:register:543] --> Mapped "{[/mgmt/refresh || /mgmt/refresh.json],methods=[POST]}" onto public java.lang.Object org.springframework.cloud.endpoint.GenericPostableMvcEndpoint.invoke()
2018-05-28 09:31:48.564:[ INFO] [main:5659] [o.s.w.s.h.AbstractHandlerMethodMapping$MappingRegistry:register:543] --> Mapped "{[/mgmt/mappings || /mgmt/mappings.json],methods=[GET],produces=[application/vnd.spring-boot.actuator.v1+json || application/json]}" onto public java.lang.Object org.springframework.boot.actuate.endpoint.mvc.EndpointMvcAdapter.invoke()
2018-05-28 09:31:48.678:[ INFO] [main:5773] [o.s.u.f.SpringTemplateLoader:<init>:61] --> SpringTemplateLoader for FreeMarker: using resource loader [org.springframework.boot.context.embedded.AnnotationConfigEmbeddedWebApplicationContext@5dd91bca: startup date [Mon May 28 09:31:44 CST 2018]; parent: org.springframework.context.annotation.AnnotationConfigApplicationContext@dd05255] and template loader path [classpath:/templates/]
2018-05-28 09:31:48.679:[ INFO] [main:5774] [o.s.w.s.v.f.FreeMarkerConfigurer:postProcessTemplateLoaders:127] --> ClassTemplateLoader for Spring macros added to FreeMarker configuration
2018-05-28 09:31:48.754:[ WARN] [main:5849] [c.n.c.s.URLConfigurationSource:<init>:121] --> No URLs will be polled as dynamic configuration sources.
2018-05-28 09:31:48.754:[ INFO] [main:5849] [c.n.c.s.URLConfigurationSource:<init>:122] --> To enable URLs as dynamic configuration sources, define System property archaius.configurationSource.additionalUrls or make config.properties available on classpath.
2018-05-28 09:31:48.770:[ WARN] [main:5865] [c.n.c.s.URLConfigurationSource:<init>:121] --> No URLs will be polled as dynamic configuration sources.
2018-05-28 09:31:48.770:[ INFO] [main:5865] [c.n.c.s.URLConfigurationSource:<init>:122] --> To enable URLs as dynamic configuration sources, define System property archaius.configurationSource.additionalUrls or make config.properties available on classpath.
2018-05-28 09:31:48.813:[ INFO] [main:5908] [o.s.c.n.e.InstanceInfoFactory:create:70] --> Setting initial instance status as: STARTING
2018-05-28 09:31:48.848:[ INFO] [main:5943] [c.n.d.DiscoveryClient:<init>:344] --> Initializing Eureka in region us-east-1
2018-05-28 09:31:48.849:[ INFO] [main:5944] [c.n.d.DiscoveryClient:<init>:347] --> Client configured to neither register nor query for data.
2018-05-28 09:31:48.853:[ INFO] [main:5948] [c.n.d.DiscoveryClient:<init>:361] --> Discovery Client initialized at timestamp 1527471108853 with initial instances count: 0
2018-05-28 09:31:48.917:[ INFO] [main:6012] [c.n.e.DefaultEurekaServerContext:initialize:63] --> Initializing ...
2018-05-28 09:31:48.918:[ WARN] [main:6013] [c.n.e.c.PeerEurekaNodes:updatePeerEurekaNodes:156] --> The replica size seems to be empty. Check the route 53 DNS Registry
2018-05-28 09:31:48.926:[ INFO] [main:6021] [c.n.e.r.AbstractInstanceRegistry:initRemoteRegionRegistry:152] --> Finished initializing remote region registries. All known remote regions: []
2018-05-28 09:31:48.927:[ INFO] [main:6022] [c.n.e.DefaultEurekaServerContext:initialize:66] --> Initialized
2018-05-28 09:31:48.978:[ INFO] [main:6073] [o.s.j.e.MBeanExporter:afterSingletonsInstantiated:431] --> Registering beans for JMX exposure on startup
2018-05-28 09:31:48.984:[ INFO] [main:6079] [o.s.j.e.MBeanExporter:autodetect:916] --> Bean with name 'environmentManager' has been autodetected for JMX exposure
2018-05-28 09:31:48.985:[ INFO] [main:6080] [o.s.j.e.MBeanExporter:autodetect:916] --> Bean with name 'configurationPropertiesRebinder' has been autodetected for JMX exposure
2018-05-28 09:31:48.986:[ INFO] [main:6081] [o.s.j.e.MBeanExporter:autodetect:916] --> Bean with name 'refreshEndpoint' has been autodetected for JMX exposure
2018-05-28 09:31:48.986:[ INFO] [main:6081] [o.s.j.e.MBeanExporter:autodetect:916] --> Bean with name 'restartEndpoint' has been autodetected for JMX exposure
2018-05-28 09:31:48.987:[ INFO] [main:6082] [o.s.j.e.MBeanExporter:autodetect:916] --> Bean with name 'serviceRegistryEndpoint' has been autodetected for JMX exposure
2018-05-28 09:31:48.987:[ INFO] [main:6082] [o.s.j.e.MBeanExporter:autodetect:916] --> Bean with name 'refreshScope' has been autodetected for JMX exposure
2018-05-28 09:31:48.991:[ INFO] [main:6086] [o.s.j.e.MBeanExporter:registerBeanInstance:678] --> Located managed bean 'environmentManager': registering with JMX server as MBean [org.springframework.cloud.context.environment:name=environmentManager,type=EnvironmentManager]
2018-05-28 09:31:49.001:[ INFO] [main:6096] [o.s.j.e.MBeanExporter:registerBeanInstance:678] --> Located managed bean 'restartEndpoint': registering with JMX server as MBean [org.springframework.cloud.context.restart:name=restartEndpoint,type=RestartEndpoint]
2018-05-28 09:31:49.009:[ INFO] [main:6104] [o.s.j.e.MBeanExporter:registerBeanInstance:678] --> Located managed bean 'serviceRegistryEndpoint': registering with JMX server as MBean [org.springframework.cloud.client.serviceregistry.endpoint:name=serviceRegistryEndpoint,type=ServiceRegistryEndpoint]
2018-05-28 09:31:49.014:[ INFO] [main:6109] [o.s.j.e.MBeanExporter:registerBeanInstance:678] --> Located managed bean 'refreshScope': registering with JMX server as MBean [org.springframework.cloud.context.scope.refresh:name=refreshScope,type=RefreshScope]
2018-05-28 09:31:49.022:[ INFO] [main:6117] [o.s.j.e.MBeanExporter:registerBeanInstance:678] --> Located managed bean 'configurationPropertiesRebinder': registering with JMX server as MBean [org.springframework.cloud.context.properties:name=configurationPropertiesRebinder,context=5dd91bca,type=ConfigurationPropertiesRebinder]
2018-05-28 09:31:49.026:[ INFO] [main:6121] [o.s.j.e.MBeanExporter:registerBeanInstance:678] --> Located managed bean 'refreshEndpoint': registering with JMX server as MBean [org.springframework.cloud.endpoint:name=refreshEndpoint,type=RefreshEndpoint]
2018-05-28 09:31:49.289:[ INFO] [main:6384] [o.s.c.s.DefaultLifecycleProcessor$LifecycleGroup:start:341] --> Starting beans in phase 0
2018-05-28 09:31:49.289:[ INFO] [main:6384] [o.s.c.n.e.s.EurekaServiceRegistry:register:40] --> Registering application admin-eureka with eureka with status UP
2018-05-28 09:31:49.318:[ INFO] [Thread-24:6413] [o.s.c.n.e.s.EurekaServerBootstrap:initEurekaEnvironment:107] --> Setting the eureka configuration..
2018-05-28 09:31:49.318:[ INFO] [Thread-24:6413] [o.s.c.n.e.s.EurekaServerBootstrap:initEurekaEnvironment:112] --> Eureka data center value eureka.datacenter is not set, defaulting to default
2018-05-28 09:31:49.318:[ INFO] [Thread-24:6413] [o.s.c.n.e.s.EurekaServerBootstrap:initEurekaEnvironment:126] --> Eureka environment value eureka.environment is not set, defaulting to test
2018-05-28 09:31:49.333:[ INFO] [Thread-24:6428] [o.s.c.n.e.s.EurekaServerBootstrap:isAws:182] --> isAws returned false
2018-05-28 09:31:49.349:[ INFO] [Thread-24:6444] [o.s.c.n.e.s.EurekaServerBootstrap:initEurekaServerContext:150] --> Initialized server context
2018-05-28 09:31:49.349:[ INFO] [Thread-24:6444] [c.n.e.r.PeerAwareInstanceRegistryImpl:openForTraffic:242] --> Got 1 instances from neighboring DS node
2018-05-28 09:31:49.349:[ INFO] [Thread-24:6444] [c.n.e.r.PeerAwareInstanceRegistryImpl:openForTraffic:243] --> Renew threshold is: 1
2018-05-28 09:31:49.349:[ INFO] [Thread-24:6444] [c.n.e.r.PeerAwareInstanceRegistryImpl:openForTraffic:254] --> Changing status to UP
2018-05-28 09:31:49.354:[ INFO] [Thread-24:6449] [o.s.c.n.e.s.EurekaServerInitializerConfiguration$1:run:71] --> Started Eureka Server
2018-05-28 09:31:49.407:[ INFO] [main:6502] [o.s.b.c.e.t.TomcatEmbeddedServletContainer:start:192] --> Tomcat started on port(s): 10030 (http)
2018-05-28 09:31:49.408:[ INFO] [main:6503] [o.s.c.n.e.s.EurekaAutoServiceRegistration:onApplicationEvent:117] --> Updating port to 10030
2018-05-28 09:31:49.410:[ INFO] [main:6505] [o.s.b.StartupInfoLogger:logStarted:57] --> Started GxqptEurekaApplication in 6.259 seconds (JVM running for 7.64)
2018-05-28 09:32:09.650:[ INFO] [http-nio-10030-exec-1:26745] [o.a.j.l.DirectJDKLog:log:179] --> Initializing Spring FrameworkServlet 'dispatcherServlet'
2018-05-28 09:32:09.650:[ INFO] [http-nio-10030-exec-1:26745] [o.s.w.s.FrameworkServlet:initServletBean:489] --> FrameworkServlet 'dispatcherServlet': initialization started
2018-05-28 09:32:09.688:[ INFO] [http-nio-10030-exec-1:26783] [o.s.w.s.FrameworkServlet:initServletBean:508] --> FrameworkServlet 'dispatcherServlet': initialization completed in 37 ms
2018-05-28 09:32:49.350:[ INFO] [Eureka-EvictionTimer:66445] [c.n.e.r.AbstractInstanceRegistry$EvictionTask:run:1254] --> Running the evict task with compensationTime 0ms
2018-05-28 09:33:49.350:[ INFO] [Eureka-EvictionTimer:126445] [c.n.e.r.AbstractInstanceRegistry$EvictionTask:run:1254] --> Running the evict task with compensationTime 0ms
2018-05-28 09:34:49.350:[ INFO] [Eureka-EvictionTimer:186445] [c.n.e.r.AbstractInstanceRegistry$EvictionTask:run:1254] --> Running the evict task with compensationTime 0ms
2018-05-28 09:35:00.400:[ INFO] [main:791] [o.s.c.s.AbstractApplicationContext:prepareRefresh:582] --> Refreshing org.springframework.context.annotation.AnnotationConfigApplicationContext@6a78afa0: startup date [Mon May 28 09:35:00 CST 2018]; root of context hierarchy
2018-05-28 09:35:00.615:[ INFO] [main:1006] [o.s.b.f.a.AutowiredAnnotationBeanPostProcessor:<init>:155] --> JSR-330 'javax.inject.Inject' annotation found and supported for autowiring
2018-05-28 09:35:00.675:[ INFO] [main:1066] [o.s.c.s.PostProcessorRegistrationDelegate$BeanPostProcessorChecker:postProcessAfterInitialization:325] --> Bean 'configurationPropertiesRebinderAutoConfiguration' of type [class org.springframework.cloud.autoconfigure.ConfigurationPropertiesRebinderAutoConfiguration$$EnhancerBySpringCGLIB$$3ee17fca] is not eligible for getting processed by all BeanPostProcessors (for example: not eligible for auto-proxying)
2018-05-28 09:35:01.185:[ INFO] [main:1576] [o.s.b.SpringApplication:logStartupProfileInfo:641] --> The following profiles are active: dev
2018-05-28 09:35:01.204:[ INFO] [main:1595] [o.s.c.s.AbstractApplicationContext:prepareRefresh:582] --> Refreshing org.springframework.boot.context.embedded.AnnotationConfigEmbeddedWebApplicationContext@13cf7d52: startup date [Mon May 28 09:35:01 CST 2018]; parent: org.springframework.context.annotation.AnnotationConfigApplicationContext@6a78afa0
2018-05-28 09:35:01.945:[ INFO] [main:2336] [o.s.c.c.s.GenericScope:setSerializationId:263] --> BeanFactory id=ab5f97ff-41c1-3515-aac2-2bf2d35daa84
2018-05-28 09:35:01.958:[ INFO] [main:2349] [o.s.b.f.a.AutowiredAnnotationBeanPostProcessor:<init>:155] --> JSR-330 'javax.inject.Inject' annotation found and supported for autowiring
2018-05-28 09:35:01.974:[ INFO] [main:2365] [o.s.c.s.PostProcessorRegistrationDelegate$BeanPostProcessorChecker:postProcessAfterInitialization:325] --> Bean 'org.springframework.boot.autoconfigure.validation.ValidationAutoConfiguration' of type [class org.springframework.boot.autoconfigure.validation.ValidationAutoConfiguration] is not eligible for getting processed by all BeanPostProcessors (for example: not eligible for auto-proxying)
2018-05-28 09:35:01.982:[ INFO] [main:2373] [o.s.c.s.PostProcessorRegistrationDelegate$BeanPostProcessorChecker:postProcessAfterInitialization:325] --> Bean 'validator' of type [class org.springframework.validation.beanvalidation.LocalValidatorFactoryBean] is not eligible for getting processed by all BeanPostProcessors (for example: not eligible for auto-proxying)
2018-05-28 09:35:02.007:[ INFO] [main:2398] [o.s.c.s.PostProcessorRegistrationDelegate$BeanPostProcessorChecker:postProcessAfterInitialization:325] --> Bean 'org.springframework.cloud.netflix.metrics.MetricsInterceptorConfiguration$MetricsRestTemplateConfiguration' of type [class org.springframework.cloud.netflix.metrics.MetricsInterceptorConfiguration$MetricsRestTemplateConfiguration$$EnhancerBySpringCGLIB$$54f4230e] is not eligible for getting processed by all BeanPostProcessors (for example: not eligible for auto-proxying)
2018-05-28 09:35:02.013:[ INFO] [main:2404] [o.s.c.s.PostProcessorRegistrationDelegate$BeanPostProcessorChecker:postProcessAfterInitialization:325] --> Bean 'org.springframework.cloud.autoconfigure.ConfigurationPropertiesRebinderAutoConfiguration' of type [class org.springframework.cloud.autoconfigure.ConfigurationPropertiesRebinderAutoConfiguration$$EnhancerBySpringCGLIB$$3ee17fca] is not eligible for getting processed by all BeanPostProcessors (for example: not eligible for auto-proxying)
2018-05-28 09:35:02.167:[ INFO] [main:2558] [o.s.b.c.e.t.TomcatEmbeddedServletContainer:initialize:89] --> Tomcat initialized with port(s): 10030 (http)
2018-05-28 09:35:02.175:[ INFO] [main:2566] [o.a.j.l.DirectJDKLog:log:179] --> Starting service Tomcat
2018-05-28 09:35:02.176:[ INFO] [main:2567] [o.a.j.l.DirectJDKLog:log:179] --> Starting Servlet Engine: Apache Tomcat/8.5.11
2018-05-28 09:35:02.258:[ INFO] [localhost-startStop-1:2649] [o.a.j.l.DirectJDKLog:log:179] --> Initializing Spring embedded WebApplicationContext
2018-05-28 09:35:02.258:[ INFO] [localhost-startStop-1:2649] [o.s.b.c.e.EmbeddedWebApplicationContext:prepareEmbeddedWebApplicationContext:276] --> Root WebApplicationContext: initialization completed in 1054 ms
2018-05-28 09:35:02.687:[ INFO] [localhost-startStop-1:3078] [o.s.b.w.s.AbstractFilterRegistrationBean:configure:258] --> Mapping filter: 'metricsFilter' to: [/*]
2018-05-28 09:35:02.687:[ INFO] [localhost-startStop-1:3078] [o.s.b.w.s.AbstractFilterRegistrationBean:configure:258] --> Mapping filter: 'characterEncodingFilter' to: [/*]
2018-05-28 09:35:02.687:[ INFO] [localhost-startStop-1:3078] [o.s.b.w.s.AbstractFilterRegistrationBean:configure:258] --> Mapping filter: 'hiddenHttpMethodFilter' to: [/*]
2018-05-28 09:35:02.687:[ INFO] [localhost-startStop-1:3078] [o.s.b.w.s.AbstractFilterRegistrationBean:configure:258] --> Mapping filter: 'httpPutFormContentFilter' to: [/*]
2018-05-28 09:35:02.687:[ INFO] [localhost-startStop-1:3078] [o.s.b.w.s.AbstractFilterRegistrationBean:configure:258] --> Mapping filter: 'requestContextFilter' to: [/*]
2018-05-28 09:35:02.688:[ INFO] [localhost-startStop-1:3079] [o.s.b.w.s.AbstractFilterRegistrationBean:configure:258] --> Mapping filter: 'webRequestTraceFilter' to: [/*]
2018-05-28 09:35:02.688:[ INFO] [localhost-startStop-1:3079] [o.s.b.w.s.AbstractFilterRegistrationBean:configure:271] --> Mapping filter: 'servletContainer' to urls: [/eureka/*]
2018-05-28 09:35:02.688:[ INFO] [localhost-startStop-1:3079] [o.s.b.w.s.AbstractFilterRegistrationBean:configure:258] --> Mapping filter: 'applicationContextIdFilter' to: [/*]
2018-05-28 09:35:02.688:[ INFO] [localhost-startStop-1:3079] [o.s.b.w.s.ServletRegistrationBean:onStartup:190] --> Mapping servlet: 'dispatcherServlet' to [/]
2018-05-28 09:35:02.739:[ INFO] [localhost-startStop-1:3130] [c.s.j.s.i.a.WebApplicationImpl:_initiate:815] --> Initiating Jersey application, version 'Jersey: 1.19.1 03/11/2016 02:08 PM'
2018-05-28 09:35:02.791:[ INFO] [localhost-startStop-1:3182] [c.n.d.p.DiscoveryJerseyProvider:<init>:70] --> Using JSON encoding codec LegacyJacksonJson
2018-05-28 09:35:02.792:[ INFO] [localhost-startStop-1:3183] [c.n.d.p.DiscoveryJerseyProvider:<init>:71] --> Using JSON decoding codec LegacyJacksonJson
2018-05-28 09:35:02.855:[ INFO] [localhost-startStop-1:3246] [c.n.d.p.DiscoveryJerseyProvider:<init>:80] --> Using XML encoding codec XStreamXml
2018-05-28 09:35:02.856:[ INFO] [localhost-startStop-1:3247] [c.n.d.p.DiscoveryJerseyProvider:<init>:81] --> Using XML decoding codec XStreamXml
2018-05-28 09:35:03.504:[ INFO] [main:3895] [o.s.w.s.m.m.a.RequestMappingHandlerAdapter:initControllerAdviceCache:534] --> Looking for @ControllerAdvice: org.springframework.boot.context.embedded.AnnotationConfigEmbeddedWebApplicationContext@13cf7d52: startup date [Mon May 28 09:35:01 CST 2018]; parent: org.springframework.context.annotation.AnnotationConfigApplicationContext@6a78afa0
2018-05-28 09:35:03.570:[ INFO] [main:3961] [o.s.w.s.h.AbstractHandlerMethodMapping$MappingRegistry:register:543] --> Mapped "{[/error]}" onto public org.springframework.http.ResponseEntity<java.util.Map<java.lang.String, java.lang.Object>> org.springframework.boot.autoconfigure.web.BasicErrorController.error(javax.servlet.http.HttpServletRequest)
2018-05-28 09:35:03.571:[ INFO] [main:3962] [o.s.w.s.h.AbstractHandlerMethodMapping$MappingRegistry:register:543] --> Mapped "{[/error],produces=[text/html]}" onto public org.springframework.web.servlet.ModelAndView org.springframework.boot.autoconfigure.web.BasicErrorController.errorHtml(javax.servlet.http.HttpServletRequest,javax.servlet.http.HttpServletResponse)
2018-05-28 09:35:03.574:[ INFO] [main:3965] [o.s.w.s.h.AbstractHandlerMethodMapping$MappingRegistry:register:543] --> Mapped "{[/],methods=[GET]}" onto public java.lang.String org.springframework.cloud.netflix.eureka.server.EurekaController.status(javax.servlet.http.HttpServletRequest,java.util.Map<java.lang.String, java.lang.Object>)
2018-05-28 09:35:03.575:[ INFO] [main:3966] [o.s.w.s.h.AbstractHandlerMethodMapping$MappingRegistry:register:543] --> Mapped "{[/lastn],methods=[GET]}" onto public java.lang.String org.springframework.cloud.netflix.eureka.server.EurekaController.lastn(javax.servlet.http.HttpServletRequest,java.util.Map<java.lang.String, java.lang.Object>)
2018-05-28 09:35:03.597:[ INFO] [main:3988] [o.s.w.s.h.AbstractUrlHandlerMapping:registerHandler:354] --> Mapped URL path [/webjars/**] onto handler of type [class org.springframework.web.servlet.resource.ResourceHttpRequestHandler]
2018-05-28 09:35:03.597:[ INFO] [main:3988] [o.s.w.s.h.AbstractUrlHandlerMapping:registerHandler:354] --> Mapped URL path [/**] onto handler of type [class org.springframework.web.servlet.resource.ResourceHttpRequestHandler]
2018-05-28 09:35:03.627:[ INFO] [main:4018] [o.s.w.s.h.AbstractUrlHandlerMapping:registerHandler:354] --> Mapped URL path [/**/favicon.ico] onto handler of type [class org.springframework.web.servlet.resource.ResourceHttpRequestHandler]
2018-05-28 09:35:04.140:[ INFO] [main:4531] [o.s.w.s.h.AbstractHandlerMethodMapping$MappingRegistry:register:543] --> Mapped "{[/mgmt/auditevents || /mgmt/auditevents.json],methods=[GET],produces=[application/vnd.spring-boot.actuator.v1+json || application/json]}" onto public org.springframework.http.ResponseEntity<?> org.springframework.boot.actuate.endpoint.mvc.AuditEventsMvcEndpoint.findByPrincipalAndAfterAndType(java.lang.String,java.util.Date,java.lang.String)
2018-05-28 09:35:04.141:[ INFO] [main:4532] [o.s.w.s.h.AbstractHandlerMethodMapping$MappingRegistry:register:543] --> Mapped "{[/mgmt/trace || /mgmt/trace.json],methods=[GET],produces=[application/vnd.spring-boot.actuator.v1+json || application/json]}" onto public java.lang.Object org.springframework.boot.actuate.endpoint.mvc.EndpointMvcAdapter.invoke()
2018-05-28 09:35:04.141:[ INFO] [main:4532] [o.s.w.s.h.AbstractHandlerMethodMapping$MappingRegistry:register:543] --> Mapped "{[/mgmt/env],methods=[POST]}" onto public java.lang.Object org.springframework.cloud.context.environment.EnvironmentManagerMvcEndpoint.value(java.util.Map<java.lang.String, java.lang.String>)
2018-05-28 09:35:04.142:[ INFO] [main:4533] [o.s.w.s.h.AbstractHandlerMethodMapping$MappingRegistry:register:543] --> Mapped "{[/mgmt/env/reset],methods=[POST]}" onto public java.util.Map<java.lang.String, java.lang.Object> org.springframework.cloud.context.environment.EnvironmentManagerMvcEndpoint.reset()
2018-05-28 09:35:04.142:[ INFO] [main:4533] [o.s.w.s.h.AbstractHandlerMethodMapping$MappingRegistry:register:543] --> Mapped "{[/mgmt/autoconfig || /mgmt/autoconfig.json],methods=[GET],produces=[application/vnd.spring-boot.actuator.v1+json || application/json]}" onto public java.lang.Object org.springframework.boot.actuate.endpoint.mvc.EndpointMvcAdapter.invoke()
2018-05-28 09:35:04.144:[ INFO] [main:4535] [o.s.w.s.h.AbstractHandlerMethodMapping$MappingRegistry:register:543] --> Mapped "{[/mgmt/loggers/{name:.*}],methods=[GET],produces=[application/vnd.spring-boot.actuator.v1+json || application/json]}" onto public java.lang.Object org.springframework.boot.actuate.endpoint.mvc.LoggersMvcEndpoint.get(java.lang.String)
2018-05-28 09:35:04.144:[ INFO] [main:4535] [o.s.w.s.h.AbstractHandlerMethodMapping$MappingRegistry:register:543] --> Mapped "{[/mgmt/loggers/{name:.*}],methods=[POST],consumes=[application/vnd.spring-boot.actuator.v1+json || application/json],produces=[application/vnd.spring-boot.actuator.v1+json || application/json]}" onto public java.lang.Object org.springframework.boot.actuate.endpoint.mvc.LoggersMvcEndpoint.set(java.lang.String,java.util.Map<java.lang.String, java.lang.String>)
2018-05-28 09:35:04.144:[ INFO] [main:4535] [o.s.w.s.h.AbstractHandlerMethodMapping$MappingRegistry:register:543] --> Mapped "{[/mgmt/loggers || /mgmt/loggers.json],methods=[GET],produces=[application/vnd.spring-boot.actuator.v1+json || application/json]}" onto public java.lang.Object org.springframework.boot.actuate.endpoint.mvc.EndpointMvcAdapter.invoke()
2018-05-28 09:35:04.144:[ INFO] [main:4535] [o.s.w.s.h.AbstractHandlerMethodMapping$MappingRegistry:register:543] --> Mapped "{[/mgmt/resume || /mgmt/resume.json],methods=[POST]}" onto public java.lang.Object org.springframework.cloud.endpoint.GenericPostableMvcEndpoint.invoke()
2018-05-28 09:35:04.145:[ INFO] [main:4536] [o.s.w.s.h.AbstractHandlerMethodMapping$MappingRegistry:register:543] --> Mapped "{[/mgmt/refresh || /mgmt/refresh.json],methods=[POST]}" onto public java.lang.Object org.springframework.cloud.endpoint.GenericPostableMvcEndpoint.invoke()
2018-05-28 09:35:04.145:[ INFO] [main:4536] [o.s.w.s.h.AbstractHandlerMethodMapping$MappingRegistry:register:543] --> Mapped "{[/mgmt/features || /mgmt/features.json],methods=[GET],produces=[application/vnd.spring-boot.actuator.v1+json || application/json]}" onto public java.lang.Object org.springframework.boot.actuate.endpoint.mvc.EndpointMvcAdapter.invoke()
2018-05-28 09:35:04.146:[ INFO] [main:4537] [o.s.w.s.h.AbstractHandlerMethodMapping$MappingRegistry:register:543] --> Mapped "{[/mgmt/restart || /mgmt/restart.json],methods=[POST]}" onto public java.lang.Object org.springframework.cloud.context.restart.RestartMvcEndpoint.invoke()
2018-05-28 09:35:04.149:[ INFO] [main:4540] [o.s.w.s.h.AbstractHandlerMethodMapping$MappingRegistry:register:543] --> Mapped "{[/mgmt/mappings || /mgmt/mappings.json],methods=[GET],produces=[application/vnd.spring-boot.actuator.v1+json || application/json]}" onto public java.lang.Object org.springframework.boot.actuate.endpoint.mvc.EndpointMvcAdapter.invoke()
2018-05-28 09:35:04.150:[ INFO] [main:4541] [o.s.w.s.h.AbstractHandlerMethodMapping$MappingRegistry:register:543] --> Mapped "{[/mgmt/logfile || /mgmt/logfile.json],methods=[GET || HEAD]}" onto public void org.springframework.boot.actuate.endpoint.mvc.LogFileMvcEndpoint.invoke(javax.servlet.http.HttpServletRequest,javax.servlet.http.HttpServletResponse) throws javax.servlet.ServletException,java.io.IOException
2018-05-28 09:35:04.151:[ INFO] [main:4542] [o.s.w.s.h.AbstractHandlerMethodMapping$MappingRegistry:register:543] --> Mapped "{[/mgmt/dump || /mgmt/dump.json],methods=[GET],produces=[application/vnd.spring-boot.actuator.v1+json || application/json]}" onto public java.lang.Object org.springframework.boot.actuate.endpoint.mvc.EndpointMvcAdapter.invoke()
2018-05-28 09:35:04.152:[ INFO] [main:4543] [o.s.w.s.h.AbstractHandlerMethodMapping$MappingRegistry:register:543] --> Mapped "{[/mgmt/beans || /mgmt/beans.json],methods=[GET],produces=[application/vnd.spring-boot.actuator.v1+json || application/json]}" onto public java.lang.Object org.springframework.boot.actuate.endpoint.mvc.EndpointMvcAdapter.invoke()
2018-05-28 09:35:04.153:[ INFO] [main:4544] [o.s.w.s.h.AbstractHandlerMethodMapping$MappingRegistry:register:543] --> Mapped "{[/mgmt/health || /mgmt/health.json],methods=[GET],produces=[application/vnd.spring-boot.actuator.v1+json || application/json]}" onto public java.lang.Object org.springframework.boot.actuate.endpoint.mvc.HealthMvcEndpoint.invoke(javax.servlet.http.HttpServletRequest)
2018-05-28 09:35:04.153:[ INFO] [main:4544] [o.s.w.s.h.AbstractHandlerMethodMapping$MappingRegistry:register:543] --> Mapped "{[/mgmt/env/{name:.*}],methods=[GET],produces=[application/vnd.spring-boot.actuator.v1+json || application/json]}" onto public java.lang.Object org.springframework.boot.actuate.endpoint.mvc.EnvironmentMvcEndpoint.value(java.lang.String)
2018-05-28 09:35:04.153:[ INFO] [main:4544] [o.s.w.s.h.AbstractHandlerMethodMapping$MappingRegistry:register:543] --> Mapped "{[/mgmt/env || /mgmt/env.json],methods=[GET],produces=[application/vnd.spring-boot.actuator.v1+json || application/json]}" onto public java.lang.Object org.springframework.boot.actuate.endpoint.mvc.EndpointMvcAdapter.invoke()
2018-05-28 09:35:04.154:[ INFO] [main:4545] [o.s.w.s.h.AbstractHandlerMethodMapping$MappingRegistry:register:543] --> Mapped "{[/mgmt/service-registry/instance-status],methods=[GET]}" onto public org.springframework.http.ResponseEntity org.springframework.cloud.client.serviceregistry.endpoint.ServiceRegistryEndpoint.getStatus()
2018-05-28 09:35:04.154:[ INFO] [main:4545] [o.s.w.s.h.AbstractHandlerMethodMapping$MappingRegistry:register:543] --> Mapped "{[/mgmt/service-registry/instance-status],methods=[POST]}" onto public org.springframework.http.ResponseEntity<?> org.springframework.cloud.client.serviceregistry.endpoint.ServiceRegistryEndpoint.setStatus(java.lang.String)
2018-05-28 09:35:04.155:[ INFO] [main:4546] [o.s.w.s.h.AbstractHandlerMethodMapping$MappingRegistry:register:543] --> Mapped "{[/mgmt/metrics/{name:.*}],methods=[GET],produces=[application/vnd.spring-boot.actuator.v1+json || application/json]}" onto public java.lang.Object org.springframework.boot.actuate.endpoint.mvc.MetricsMvcEndpoint.value(java.lang.String)
2018-05-28 09:35:04.155:[ INFO] [main:4546] [o.s.w.s.h.AbstractHandlerMethodMapping$MappingRegistry:register:543] --> Mapped "{[/mgmt/metrics || /mgmt/metrics.json],methods=[GET],produces=[application/vnd.spring-boot.actuator.v1+json || application/json]}" onto public java.lang.Object org.springframework.boot.actuate.endpoint.mvc.EndpointMvcAdapter.invoke()
2018-05-28 09:35:04.155:[ INFO] [main:4546] [o.s.w.s.h.AbstractHandlerMethodMapping$MappingRegistry:register:543] --> Mapped "{[/mgmt/info || /mgmt/info.json],methods=[GET],produces=[application/vnd.spring-boot.actuator.v1+json || application/json]}" onto public java.lang.Object org.springframework.boot.actuate.endpoint.mvc.EndpointMvcAdapter.invoke()
2018-05-28 09:35:04.156:[ INFO] [main:4547] [o.s.w.s.h.AbstractHandlerMethodMapping$MappingRegistry:register:543] --> Mapped "{[/mgmt/configprops || /mgmt/configprops.json],methods=[GET],produces=[application/vnd.spring-boot.actuator.v1+json || application/json]}" onto public java.lang.Object org.springframework.boot.actuate.endpoint.mvc.EndpointMvcAdapter.invoke()
2018-05-28 09:35:04.156:[ INFO] [main:4547] [o.s.w.s.h.AbstractHandlerMethodMapping$MappingRegistry:register:543] --> Mapped "{[/mgmt/heapdump || /mgmt/heapdump.json],methods=[GET],produces=[application/octet-stream]}" onto public void org.springframework.boot.actuate.endpoint.mvc.HeapdumpMvcEndpoint.invoke(boolean,javax.servlet.http.HttpServletRequest,javax.servlet.http.HttpServletResponse) throws java.io.IOException,javax.servlet.ServletException
2018-05-28 09:35:04.157:[ INFO] [main:4548] [o.s.w.s.h.AbstractHandlerMethodMapping$MappingRegistry:register:543] --> Mapped "{[/mgmt/pause || /mgmt/pause.json],methods=[POST]}" onto public java.lang.Object org.springframework.cloud.endpoint.GenericPostableMvcEndpoint.invoke()
2018-05-28 09:35:04.158:[ INFO] [main:4549] [o.s.w.s.h.AbstractHandlerMethodMapping$MappingRegistry:register:543] --> Mapped "{[/mgmt/archaius || /mgmt/archaius.json],methods=[GET],produces=[application/vnd.spring-boot.actuator.v1+json || application/json]}" onto public java.lang.Object org.springframework.boot.actuate.endpoint.mvc.EndpointMvcAdapter.invoke()
2018-05-28 09:35:04.236:[ INFO] [main:4627] [o.s.u.f.SpringTemplateLoader:<init>:61] --> SpringTemplateLoader for FreeMarker: using resource loader [org.springframework.boot.context.embedded.AnnotationConfigEmbeddedWebApplicationContext@13cf7d52: startup date [Mon May 28 09:35:01 CST 2018]; parent: org.springframework.context.annotation.AnnotationConfigApplicationContext@6a78afa0] and template loader path [classpath:/templates/]
2018-05-28 09:35:04.237:[ INFO] [main:4628] [o.s.w.s.v.f.FreeMarkerConfigurer:postProcessTemplateLoaders:127] --> ClassTemplateLoader for Spring macros added to FreeMarker configuration
2018-05-28 09:35:04.331:[ WARN] [main:4722] [c.n.c.s.URLConfigurationSource:<init>:121] --> No URLs will be polled as dynamic configuration sources.
2018-05-28 09:35:04.333:[ INFO] [main:4724] [c.n.c.s.URLConfigurationSource:<init>:122] --> To enable URLs as dynamic configuration sources, define System property archaius.configurationSource.additionalUrls or make config.properties available on classpath.
2018-05-28 09:35:04.340:[ WARN] [main:4731] [c.n.c.s.URLConfigurationSource:<init>:121] --> No URLs will be polled as dynamic configuration sources.
2018-05-28 09:35:04.340:[ INFO] [main:4731] [c.n.c.s.URLConfigurationSource:<init>:122] --> To enable URLs as dynamic configuration sources, define System property archaius.configurationSource.additionalUrls or make config.properties available on classpath.
2018-05-28 09:35:04.377:[ INFO] [main:4768] [o.s.c.n.e.InstanceInfoFactory:create:70] --> Setting initial instance status as: STARTING
2018-05-28 09:35:04.409:[ INFO] [main:4800] [c.n.d.DiscoveryClient:<init>:344] --> Initializing Eureka in region us-east-1
2018-05-28 09:35:04.410:[ INFO] [main:4801] [c.n.d.DiscoveryClient:<init>:347] --> Client configured to neither register nor query for data.
2018-05-28 09:35:04.417:[ INFO] [main:4808] [c.n.d.DiscoveryClient:<init>:361] --> Discovery Client initialized at timestamp 1527471304417 with initial instances count: 0
2018-05-28 09:35:04.499:[ INFO] [main:4890] [c.n.e.DefaultEurekaServerContext:initialize:63] --> Initializing ...
2018-05-28 09:35:04.501:[ WARN] [main:4892] [c.n.e.c.PeerEurekaNodes:updatePeerEurekaNodes:156] --> The replica size seems to be empty. Check the route 53 DNS Registry
2018-05-28 09:35:04.537:[ INFO] [main:4928] [c.n.e.r.AbstractInstanceRegistry:initRemoteRegionRegistry:152] --> Finished initializing remote region registries. All known remote regions: []
2018-05-28 09:35:04.539:[ INFO] [main:4930] [c.n.e.DefaultEurekaServerContext:initialize:66] --> Initialized
2018-05-28 09:35:04.595:[ INFO] [main:4986] [o.s.j.e.MBeanExporter:afterSingletonsInstantiated:431] --> Registering beans for JMX exposure on startup
2018-05-28 09:35:04.603:[ INFO] [main:4994] [o.s.j.e.MBeanExporter:autodetect:916] --> Bean with name 'environmentManager' has been autodetected for JMX exposure
2018-05-28 09:35:04.605:[ INFO] [main:4996] [o.s.j.e.MBeanExporter:autodetect:916] --> Bean with name 'configurationPropertiesRebinder' has been autodetected for JMX exposure
2018-05-28 09:35:04.606:[ INFO] [main:4997] [o.s.j.e.MBeanExporter:autodetect:916] --> Bean with name 'refreshEndpoint' has been autodetected for JMX exposure
2018-05-28 09:35:04.606:[ INFO] [main:4997] [o.s.j.e.MBeanExporter:autodetect:916] --> Bean with name 'restartEndpoint' has been autodetected for JMX exposure
2018-05-28 09:35:04.607:[ INFO] [main:4998] [o.s.j.e.MBeanExporter:autodetect:916] --> Bean with name 'serviceRegistryEndpoint' has been autodetected for JMX exposure
2018-05-28 09:35:04.608:[ INFO] [main:4999] [o.s.j.e.MBeanExporter:autodetect:916] --> Bean with name 'refreshScope' has been autodetected for JMX exposure
2018-05-28 09:35:04.610:[ INFO] [main:5001] [o.s.j.e.MBeanExporter:registerBeanInstance:678] --> Located managed bean 'environmentManager': registering with JMX server as MBean [org.springframework.cloud.context.environment:name=environmentManager,type=EnvironmentManager]
2018-05-28 09:35:04.621:[ INFO] [main:5012] [o.s.j.e.MBeanExporter:registerBeanInstance:678] --> Located managed bean 'restartEndpoint': registering with JMX server as MBean [org.springframework.cloud.context.restart:name=restartEndpoint,type=RestartEndpoint]
2018-05-28 09:35:04.628:[ INFO] [main:5019] [o.s.j.e.MBeanExporter:registerBeanInstance:678] --> Located managed bean 'serviceRegistryEndpoint': registering with JMX server as MBean [org.springframework.cloud.client.serviceregistry.endpoint:name=serviceRegistryEndpoint,type=ServiceRegistryEndpoint]
2018-05-28 09:35:04.633:[ INFO] [main:5024] [o.s.j.e.MBeanExporter:registerBeanInstance:678] --> Located managed bean 'refreshScope': registering with JMX server as MBean [org.springframework.cloud.context.scope.refresh:name=refreshScope,type=RefreshScope]
2018-05-28 09:35:04.640:[ INFO] [main:5031] [o.s.j.e.MBeanExporter:registerBeanInstance:678] --> Located managed bean 'configurationPropertiesRebinder': registering with JMX server as MBean [org.springframework.cloud.context.properties:name=configurationPropertiesRebinder,context=13cf7d52,type=ConfigurationPropertiesRebinder]
2018-05-28 09:35:04.644:[ INFO] [main:5035] [o.s.j.e.MBeanExporter:registerBeanInstance:678] --> Located managed bean 'refreshEndpoint': registering with JMX server as MBean [org.springframework.cloud.endpoint:name=refreshEndpoint,type=RefreshEndpoint]
2018-05-28 09:35:04.912:[ INFO] [main:5303] [o.s.c.s.DefaultLifecycleProcessor$LifecycleGroup:start:341] --> Starting beans in phase 0
2018-05-28 09:35:04.912:[ INFO] [main:5303] [o.s.c.n.e.s.EurekaServiceRegistry:register:40] --> Registering application admin-eureka with eureka with status UP
2018-05-28 09:35:04.941:[ INFO] [Thread-21:5332] [o.s.c.n.e.s.EurekaServerBootstrap:initEurekaEnvironment:107] --> Setting the eureka configuration..
2018-05-28 09:35:04.942:[ INFO] [Thread-21:5333] [o.s.c.n.e.s.EurekaServerBootstrap:initEurekaEnvironment:112] --> Eureka data center value eureka.datacenter is not set, defaulting to default
2018-05-28 09:35:04.942:[ INFO] [Thread-21:5333] [o.s.c.n.e.s.EurekaServerBootstrap:initEurekaEnvironment:126] --> Eureka environment value eureka.environment is not set, defaulting to test
2018-05-28 09:35:04.947:[ INFO] [Thread-21:5338] [o.s.c.n.e.s.EurekaServerBootstrap:isAws:182] --> isAws returned false
2018-05-28 09:35:04.948:[ INFO] [Thread-21:5339] [o.s.c.n.e.s.EurekaServerBootstrap:initEurekaServerContext:150] --> Initialized server context
2018-05-28 09:35:04.948:[ INFO] [Thread-21:5339] [c.n.e.r.PeerAwareInstanceRegistryImpl:openForTraffic:242] --> Got 1 instances from neighboring DS node
2018-05-28 09:35:04.948:[ INFO] [Thread-21:5339] [c.n.e.r.PeerAwareInstanceRegistryImpl:openForTraffic:243] --> Renew threshold is: 1
2018-05-28 09:35:04.948:[ INFO] [Thread-21:5339] [c.n.e.r.PeerAwareInstanceRegistryImpl:openForTraffic:254] --> Changing status to UP
2018-05-28 09:35:04.954:[ INFO] [Thread-21:5345] [o.s.c.n.e.s.EurekaServerInitializerConfiguration$1:run:71] --> Started Eureka Server
2018-05-28 09:35:04.977:[ INFO] [main:5368] [o.s.b.c.e.t.TomcatEmbeddedServletContainer:start:192] --> Tomcat started on port(s): 10030 (http)
2018-05-28 09:35:04.977:[ INFO] [main:5368] [o.s.c.n.e.s.EurekaAutoServiceRegistration:onApplicationEvent:117] --> Updating port to 10030
2018-05-28 09:35:04.981:[ INFO] [main:5372] [o.s.b.StartupInfoLogger:logStarted:57] --> Started GxqptEurekaApplication in 5.116 seconds (JVM running for 6.845)
2018-05-28 09:35:07.217:[ INFO] [http-nio-10030-exec-1:7608] [o.a.j.l.DirectJDKLog:log:179] --> Initializing Spring FrameworkServlet 'dispatcherServlet'
2018-05-28 09:35:07.217:[ INFO] [http-nio-10030-exec-1:7608] [o.s.w.s.FrameworkServlet:initServletBean:489] --> FrameworkServlet 'dispatcherServlet': initialization started
2018-05-28 09:35:07.232:[ INFO] [http-nio-10030-exec-1:7623] [o.s.w.s.FrameworkServlet:initServletBean:508] --> FrameworkServlet 'dispatcherServlet': initialization completed in 14 ms
2018-05-28 09:36:04.949:[ INFO] [Eureka-EvictionTimer:65340] [c.n.e.r.AbstractInstanceRegistry$EvictionTask:run:1254] --> Running the evict task with compensationTime 0ms
2018-05-28 09:37:04.949:[ INFO] [Eureka-EvictionTimer:125340] [c.n.e.r.AbstractInstanceRegistry$EvictionTask:run:1254] --> Running the evict task with compensationTime 0ms
2018-05-28 09:38:04.949:[ INFO] [Eureka-EvictionTimer:185340] [c.n.e.r.AbstractInstanceRegistry$EvictionTask:run:1254] --> Running the evict task with compensationTime 0ms
2018-05-28 09:39:04.949:[ INFO] [Eureka-EvictionTimer:245340] [c.n.e.r.AbstractInstanceRegistry$EvictionTask:run:1254] --> Running the evict task with compensationTime 0ms
2018-05-28 09:40:04.949:[ INFO] [Eureka-EvictionTimer:305340] [c.n.e.r.AbstractInstanceRegistry$EvictionTask:run:1254] --> Running the evict task with compensationTime 0ms
2018-05-28 09:41:04.949:[ INFO] [Eureka-EvictionTimer:365340] [c.n.e.r.AbstractInstanceRegistry$EvictionTask:run:1254] --> Running the evict task with compensationTime 0ms
2018-05-28 09:42:04.949:[ INFO] [Eureka-EvictionTimer:425340] [c.n.e.r.AbstractInstanceRegistry$EvictionTask:run:1254] --> Running the evict task with compensationTime 0ms
2018-05-28 09:43:04.949:[ INFO] [Eureka-EvictionTimer:485340] [c.n.e.r.AbstractInstanceRegistry$EvictionTask:run:1254] --> Running the evict task with compensationTime 0ms
2018-05-28 09:44:04.949:[ INFO] [Eureka-EvictionTimer:545340] [c.n.e.r.AbstractInstanceRegistry$EvictionTask:run:1254] --> Running the evict task with compensationTime 0ms
2018-05-28 09:45:04.550:[ WARN] [Eureka-PeerNodesUpdater:604941] [c.n.e.c.PeerEurekaNodes:updatePeerEurekaNodes:156] --> The replica size seems to be empty. Check the route 53 DNS Registry
2018-05-28 09:45:04.949:[ INFO] [Eureka-EvictionTimer:605340] [c.n.e.r.AbstractInstanceRegistry$EvictionTask:run:1254] --> Running the evict task with compensationTime 0ms
2018-05-28 09:46:04.949:[ INFO] [Eureka-EvictionTimer:665340] [c.n.e.r.AbstractInstanceRegistry$EvictionTask:run:1254] --> Running the evict task with compensationTime 0ms
2018-05-28 09:47:04.949:[ INFO] [Eureka-EvictionTimer:725340] [c.n.e.r.AbstractInstanceRegistry$EvictionTask:run:1254] --> Running the evict task with compensationTime 0ms
2018-05-28 09:48:04.949:[ INFO] [Eureka-EvictionTimer:785340] [c.n.e.r.AbstractInstanceRegistry$EvictionTask:run:1254] --> Running the evict task with compensationTime 0ms
2018-05-28 09:49:04.949:[ INFO] [Eureka-EvictionTimer:845340] [c.n.e.r.AbstractInstanceRegistry$EvictionTask:run:1254] --> Running the evict task with compensationTime 0ms
2018-05-28 09:50:04.537:[ INFO] [ReplicaAwareInstanceRegistry - RenewalThresholdUpdater:904928] [c.n.e.r.PeerAwareInstanceRegistryImpl:updateRenewalThreshold:541] --> Current renewal threshold is : 0
2018-05-28 09:50:04.949:[ INFO] [Eureka-EvictionTimer:905340] [c.n.e.r.AbstractInstanceRegistry$EvictionTask:run:1254] --> Running the evict task with compensationTime 0ms
2018-05-28 09:51:04.949:[ INFO] [Eureka-EvictionTimer:965340] [c.n.e.r.AbstractInstanceRegistry$EvictionTask:run:1254] --> Running the evict task with compensationTime 0ms
2018-05-28 09:52:04.949:[ INFO] [Eureka-EvictionTimer:1025340] [c.n.e.r.AbstractInstanceRegistry$EvictionTask:run:1254] --> Running the evict task with compensationTime 0ms
2018-05-28 09:53:04.949:[ INFO] [Eureka-EvictionTimer:1085340] [c.n.e.r.AbstractInstanceRegistry$EvictionTask:run:1254] --> Running the evict task with compensationTime 0ms
2018-05-28 09:54:04.949:[ INFO] [Eureka-EvictionTimer:1145340] [c.n.e.r.AbstractInstanceRegistry$EvictionTask:run:1254] --> Running the evict task with compensationTime 0ms
2018-05-28 09:55:04.597:[ WARN] [Eureka-PeerNodesUpdater:1204988] [c.n.e.c.PeerEurekaNodes:updatePeerEurekaNodes:156] --> The replica size seems to be empty. Check the route 53 DNS Registry
2018-05-28 09:55:04.949:[ INFO] [Eureka-EvictionTimer:1205340] [c.n.e.r.AbstractInstanceRegistry$EvictionTask:run:1254] --> Running the evict task with compensationTime 0ms
2018-05-28 09:56:04.949:[ INFO] [Eureka-EvictionTimer:1265340] [c.n.e.r.AbstractInstanceRegistry$EvictionTask:run:1254] --> Running the evict task with compensationTime 0ms
2018-05-28 09:57:04.949:[ INFO] [Eureka-EvictionTimer:1325340] [c.n.e.r.AbstractInstanceRegistry$EvictionTask:run:1254] --> Running the evict task with compensationTime 0ms
2018-05-28 09:58:04.949:[ INFO] [Eureka-EvictionTimer:1385340] [c.n.e.r.AbstractInstanceRegistry$EvictionTask:run:1254] --> Running the evict task with compensationTime 0ms
2018-05-28 09:59:04.949:[ INFO] [Eureka-EvictionTimer:1445340] [c.n.e.r.AbstractInstanceRegistry$EvictionTask:run:1254] --> Running the evict task with compensationTime 0ms
2018-05-28 10:00:04.949:[ INFO] [Eureka-EvictionTimer:1505340] [c.n.e.r.AbstractInstanceRegistry$EvictionTask:run:1254] --> Running the evict task with compensationTime 0ms
2018-05-28 10:01:04.949:[ INFO] [Eureka-EvictionTimer:1565340] [c.n.e.r.AbstractInstanceRegistry$EvictionTask:run:1254] --> Running the evict task with compensationTime 0ms
2018-05-28 10:02:04.949:[ INFO] [Eureka-EvictionTimer:1625340] [c.n.e.r.AbstractInstanceRegistry$EvictionTask:run:1254] --> Running the evict task with compensationTime 0ms
2018-05-28 10:03:04.949:[ INFO] [Eureka-EvictionTimer:1685340] [c.n.e.r.AbstractInstanceRegistry$EvictionTask:run:1254] --> Running the evict task with compensationTime 0ms
2018-05-28 10:04:04.949:[ INFO] [Eureka-EvictionTimer:1745340] [c.n.e.r.AbstractInstanceRegistry$EvictionTask:run:1254] --> Running the evict task with compensationTime 0ms
2018-05-28 10:05:04.537:[ INFO] [ReplicaAwareInstanceRegistry - RenewalThresholdUpdater:1804928] [c.n.e.r.PeerAwareInstanceRegistryImpl:updateRenewalThreshold:541] --> Current renewal threshold is : 0
2018-05-28 10:05:04.644:[ WARN] [Eureka-PeerNodesUpdater:1805035] [c.n.e.c.PeerEurekaNodes:updatePeerEurekaNodes:156] --> The replica size seems to be empty. Check the route 53 DNS Registry
2018-05-28 10:05:04.970:[ INFO] [Eureka-EvictionTimer:1805361] [c.n.e.r.AbstractInstanceRegistry$EvictionTask:run:1254] --> Running the evict task with compensationTime 16ms
2018-05-28 10:05:24.256:[ INFO] [http-nio-10030-exec-8:1824647] [c.n.e.r.AbstractInstanceRegistry:register:267] --> Registered instance UNKNOWN/PC-20171124WXTL with status UP (replication=false)
2018-05-28 10:06:04.970:[ INFO] [Eureka-EvictionTimer:1865361] [c.n.e.r.AbstractInstanceRegistry$EvictionTask:run:1254] --> Running the evict task with compensationTime 0ms
2018-05-28 10:07:04.970:[ INFO] [Eureka-EvictionTimer:1925361] [c.n.e.r.AbstractInstanceRegistry$EvictionTask:run:1254] --> Running the evict task with compensationTime 0ms
2018-05-28 10:08:04.970:[ INFO] [Eureka-EvictionTimer:1985361] [c.n.e.r.AbstractInstanceRegistry$EvictionTask:run:1254] --> Running the evict task with compensationTime 0ms
2018-05-28 10:09:04.970:[ INFO] [Eureka-EvictionTimer:2045361] [c.n.e.r.AbstractInstanceRegistry$EvictionTask:run:1254] --> Running the evict task with compensationTime 0ms
2018-05-28 10:10:04.970:[ INFO] [Eureka-EvictionTimer:2105361] [c.n.e.r.AbstractInstanceRegistry$EvictionTask:run:1254] --> Running the evict task with compensationTime 0ms
2018-05-28 10:11:04.970:[ INFO] [Eureka-EvictionTimer:2165361] [c.n.e.r.AbstractInstanceRegistry$EvictionTask:run:1254] --> Running the evict task with compensationTime 0ms
2018-05-28 10:12:04.970:[ INFO] [Eureka-EvictionTimer:2225361] [c.n.e.r.AbstractInstanceRegistry$EvictionTask:run:1254] --> Running the evict task with compensationTime 0ms
2018-05-28 10:13:04.970:[ INFO] [Eureka-EvictionTimer:2285361] [c.n.e.r.AbstractInstanceRegistry$EvictionTask:run:1254] --> Running the evict task with compensationTime 0ms
2018-05-28 10:14:04.970:[ INFO] [Eureka-EvictionTimer:2345361] [c.n.e.r.AbstractInstanceRegistry$EvictionTask:run:1254] --> Running the evict task with compensationTime 0ms
2018-05-28 10:15:04.691:[ WARN] [Eureka-PeerNodesUpdater:2405082] [c.n.e.c.PeerEurekaNodes:updatePeerEurekaNodes:156] --> The replica size seems to be empty. Check the route 53 DNS Registry
2018-05-28 10:15:04.970:[ INFO] [Eureka-EvictionTimer:2405361] [c.n.e.r.AbstractInstanceRegistry$EvictionTask:run:1254] --> Running the evict task with compensationTime 0ms
2018-05-28 10:16:04.970:[ INFO] [Eureka-EvictionTimer:2465361] [c.n.e.r.AbstractInstanceRegistry$EvictionTask:run:1254] --> Running the evict task with compensationTime 0ms
2018-05-28 10:17:04.970:[ INFO] [Eureka-EvictionTimer:2525361] [c.n.e.r.AbstractInstanceRegistry$EvictionTask:run:1254] --> Running the evict task with compensationTime 0ms
2018-05-28 10:18:04.970:[ INFO] [Eureka-EvictionTimer:2585361] [c.n.e.r.AbstractInstanceRegistry$EvictionTask:run:1254] --> Running the evict task with compensationTime 0ms
2018-05-28 10:19:04.970:[ INFO] [Eureka-EvictionTimer:2645361] [c.n.e.r.AbstractInstanceRegistry$EvictionTask:run:1254] --> Running the evict task with compensationTime 0ms
2018-05-28 10:20:04.537:[ INFO] [ReplicaAwareInstanceRegistry - RenewalThresholdUpdater:2704928] [c.n.e.r.PeerAwareInstanceRegistryImpl:updateRenewalThreshold:541] --> Current renewal threshold is : 0
2018-05-28 10:20:04.970:[ INFO] [Eureka-EvictionTimer:2705361] [c.n.e.r.AbstractInstanceRegistry$EvictionTask:run:1254] --> Running the evict task with compensationTime 0ms
2018-05-28 10:21:04.970:[ INFO] [Eureka-EvictionTimer:2765361] [c.n.e.r.AbstractInstanceRegistry$EvictionTask:run:1254] --> Running the evict task with compensationTime 0ms
2018-05-28 10:22:04.970:[ INFO] [Eureka-EvictionTimer:2825361] [c.n.e.r.AbstractInstanceRegistry$EvictionTask:run:1254] --> Running the evict task with compensationTime 0ms
2018-05-28 10:23:04.970:[ INFO] [Eureka-EvictionTimer:2885361] [c.n.e.r.AbstractInstanceRegistry$EvictionTask:run:1254] --> Running the evict task with compensationTime 0ms
2018-05-28 10:24:04.970:[ INFO] [Eureka-EvictionTimer:2945361] [c.n.e.r.AbstractInstanceRegistry$EvictionTask:run:1254] --> Running the evict task with compensationTime 0ms
2018-05-28 10:25:04.739:[ WARN] [Eureka-PeerNodesUpdater:3005130] [c.n.e.c.PeerEurekaNodes:updatePeerEurekaNodes:156] --> The replica size seems to be empty. Check the route 53 DNS Registry
2018-05-28 10:25:04.970:[ INFO] [Eureka-EvictionTimer:3005361] [c.n.e.r.AbstractInstanceRegistry$EvictionTask:run:1254] --> Running the evict task with compensationTime 0ms
2018-05-28 10:26:04.970:[ INFO] [Eureka-EvictionTimer:3065361] [c.n.e.r.AbstractInstanceRegistry$EvictionTask:run:1254] --> Running the evict task with compensationTime 0ms
2018-05-28 10:27:04.970:[ INFO] [Eureka-EvictionTimer:3125361] [c.n.e.r.AbstractInstanceRegistry$EvictionTask:run:1254] --> Running the evict task with compensationTime 0ms
2018-05-28 10:28:04.970:[ INFO] [Eureka-EvictionTimer:3185361] [c.n.e.r.AbstractInstanceRegistry$EvictionTask:run:1254] --> Running the evict task with compensationTime 0ms
