2018-05-28 10:29:25.563  INFO 7572 --- [main] com.boke.eureka.eurka.EurkaApplication   : Starting EurkaApplication on PC-20171124WXTL with PID 7572 (E:\myworkspace\workspacefirst\codeBySC2\server\eurka\target\classes started by Administrator in E:\myworkspace\workspacefirst\codeBySC2\backend\backend)
2018-05-28 10:29:25.565  INFO 7572 --- [main] com.boke.eureka.eurka.EurkaApplication   : The following profiles are active: dev
2018-05-28 10:29:25.600  INFO 7572 --- [main] ConfigServletWebServerApplicationContext : Refreshing org.springframework.boot.web.servlet.context.AnnotationConfigServletWebServerApplicationContext@33990a0c: startup date [Mon May 28 10:29:25 CST 2018]; root of context hierarchy
2018-05-28 10:29:25.749  WARN 7572 --- [main] ConfigServletWebServerApplicationContext : Exception encountered during context initialization - cancelling refresh attempt: org.springframework.beans.factory.BeanDefinitionStoreException: Failed to process import candidates for configuration class [com.boke.eureka.eurka.EurkaApplication]; nested exception is java.lang.IllegalStateException: Could not evaluate condition on org.springframework.cloud.netflix.eureka.EurekaDiscoveryClientConfiguration due to org/springframework/boot/bind/RelaxedPropertyResolver not found. Make sure your own configuration does not rely on that class. This can also happen if you are @ComponentScanning a springframework package (e.g. if you put a @ComponentScan in the default package by mistake)
2018-05-28 10:29:37.769  INFO 8036 --- [main] com.boke.eureka.eurka.EurkaApplication   : Starting EurkaApplication on PC-20171124WXTL with PID 8036 (E:\myworkspace\workspacefirst\codeBySC2\server\eurka\target\classes started by Administrator in E:\myworkspace\workspacefirst\codeBySC2\backend\backend)
2018-05-28 10:29:37.771  INFO 8036 --- [main] com.boke.eureka.eurka.EurkaApplication   : The following profiles are active: dev
2018-05-28 10:29:37.813  INFO 8036 --- [main] ConfigServletWebServerApplicationContext : Refreshing org.springframework.boot.web.servlet.context.AnnotationConfigServletWebServerApplicationContext@33990a0c: startup date [Mon May 28 10:29:37 CST 2018]; root of context hierarchy
2018-05-28 10:29:37.910  WARN 8036 --- [main] ConfigServletWebServerApplicationContext : Exception encountered during context initialization - cancelling refresh attempt: org.springframework.beans.factory.BeanDefinitionStoreException: Failed to process import candidates for configuration class [com.boke.eureka.eurka.EurkaApplication]; nested exception is java.lang.IllegalStateException: Could not evaluate condition on org.springframework.cloud.netflix.eureka.EurekaDiscoveryClientConfiguration due to org/springframework/boot/bind/RelaxedPropertyResolver not found. Make sure your own configuration does not rely on that class. This can also happen if you are @ComponentScanning a springframework package (e.g. if you put a @ComponentScan in the default package by mistake)
2018-05-28 10:29:57.363  INFO 6336 --- [main] com.boke.eureka.eurka.EurkaApplication   : Starting EurkaApplication on PC-20171124WXTL with PID 6336 (E:\myworkspace\workspacefirst\codeBySC2\server\eurka\target\classes started by Administrator in E:\myworkspace\workspacefirst\codeBySC2\backend\backend)
2018-05-28 10:29:57.366  INFO 6336 --- [main] com.boke.eureka.eurka.EurkaApplication   : The following profiles are active: dev
2018-05-28 10:29:57.402  INFO 6336 --- [main] ConfigServletWebServerApplicationContext : Refreshing org.springframework.boot.web.servlet.context.AnnotationConfigServletWebServerApplicationContext@33990a0c: startup date [Mon May 28 10:29:57 CST 2018]; root of context hierarchy
2018-05-28 10:29:57.632 ERROR 6336 --- [main] o.s.boot.SpringApplication               : Application run failed

java.lang.NoClassDefFoundError: org/springframework/boot/bind/RelaxedPropertyResolver
	at org.springframework.boot.autoconfigure.AutoConfigurationImportSelector.getExcludeAutoConfigurationsProperty(AutoConfigurationImportSelector.java:215) ~[spring-boot-autoconfigure-1.5.2.RELEASE.jar:1.5.2.RELEASE]
	at org.springframework.boot.autoconfigure.AutoConfigurationImportSelector.getExclusions(AutoConfigurationImportSelector.java:209) ~[spring-boot-autoconfigure-1.5.2.RELEASE.jar:1.5.2.RELEASE]
	at org.springframework.boot.autoconfigure.AutoConfigurationImportSelector.selectImports(AutoConfigurationImportSelector.java:99) ~[spring-boot-autoconfigure-1.5.2.RELEASE.jar:1.5.2.RELEASE]
	at org.springframework.context.annotation.ConfigurationClassParser$DefaultDeferredImportSelectorGroup.process(ConfigurationClassParser.java:844) ~[spring-context-5.0.6.RELEASE.jar:5.0.6.RELEASE]
	at org.springframework.context.annotation.ConfigurationClassParser$DeferredImportSelectorGrouping.getImports(ConfigurationClassParser.java:830) ~[spring-context-5.0.6.RELEASE.jar:5.0.6.RELEASE]
	at org.springframework.context.annotation.ConfigurationClassParser.processDeferredImportSelectors(ConfigurationClassParser.java:563) ~[spring-context-5.0.6.RELEASE.jar:5.0.6.RELEASE]
	at org.springframework.context.annotation.ConfigurationClassParser.parse(ConfigurationClassParser.java:188) ~[spring-context-5.0.6.RELEASE.jar:5.0.6.RELEASE]
	at org.springframework.context.annotation.ConfigurationClassPostProcessor.processConfigBeanDefinitions(ConfigurationClassPostProcessor.java:316) ~[spring-context-5.0.6.RELEASE.jar:5.0.6.RELEASE]
	at org.springframework.context.annotation.ConfigurationClassPostProcessor.postProcessBeanDefinitionRegistry(ConfigurationClassPostProcessor.java:233) ~[spring-context-5.0.6.RELEASE.jar:5.0.6.RELEASE]
	at org.springframework.context.support.PostProcessorRegistrationDelegate.invokeBeanDefinitionRegistryPostProcessors(PostProcessorRegistrationDelegate.java:273) ~[spring-context-5.0.6.RELEASE.jar:5.0.6.RELEASE]
	at org.springframework.context.support.PostProcessorRegistrationDelegate.invokeBeanFactoryPostProcessors(PostProcessorRegistrationDelegate.java:93) ~[spring-context-5.0.6.RELEASE.jar:5.0.6.RELEASE]
	at org.springframework.context.support.AbstractApplicationContext.invokeBeanFactoryPostProcessors(AbstractApplicationContext.java:694) ~[spring-context-5.0.6.RELEASE.jar:5.0.6.RELEASE]
	at org.springframework.context.support.AbstractApplicationContext.refresh(AbstractApplicationContext.java:532) ~[spring-context-5.0.6.RELEASE.jar:5.0.6.RELEASE]
	at org.springframework.boot.web.servlet.context.ServletWebServerApplicationContext.refresh(ServletWebServerApplicationContext.java:140) ~[spring-boot-2.0.2.RELEASE.jar:2.0.2.RELEASE]
	at org.springframework.boot.SpringApplication.refresh(SpringApplication.java:759) [spring-boot-2.0.2.RELEASE.jar:2.0.2.RELEASE]
	at org.springframework.boot.SpringApplication.refreshContext(SpringApplication.java:395) [spring-boot-2.0.2.RELEASE.jar:2.0.2.RELEASE]
	at org.springframework.boot.SpringApplication.run(SpringApplication.java:327) [spring-boot-2.0.2.RELEASE.jar:2.0.2.RELEASE]
	at org.springframework.boot.SpringApplication.run(SpringApplication.java:1255) [spring-boot-2.0.2.RELEASE.jar:2.0.2.RELEASE]
	at org.springframework.boot.SpringApplication.run(SpringApplication.java:1243) [spring-boot-2.0.2.RELEASE.jar:2.0.2.RELEASE]
	at com.boke.eureka.eurka.EurkaApplication.main(EurkaApplication.java:12) [classes/:na]
Caused by: java.lang.ClassNotFoundException: org.springframework.boot.bind.RelaxedPropertyResolver
	at java.net.URLClassLoader.findClass(URLClassLoader.java:381) ~[na:1.8.0_161]
	at java.lang.ClassLoader.loadClass(ClassLoader.java:424) ~[na:1.8.0_161]
	at sun.misc.Launcher$AppClassLoader.loadClass(Launcher.java:338) ~[na:1.8.0_161]
	at java.lang.ClassLoader.loadClass(ClassLoader.java:357) ~[na:1.8.0_161]
	... 20 common frames omitted

2018-05-28 10:29:57.634  INFO 6336 --- [main] ConfigServletWebServerApplicationContext : Closing org.springframework.boot.web.servlet.context.AnnotationConfigServletWebServerApplicationContext@33990a0c: startup date [Mon May 28 10:29:57 CST 2018]; root of context hierarchy
2018-05-28 10:30:13.804  INFO 1836 --- [main] com.boke.eureka.eurka.EurkaApplication   : Starting EurkaApplication on PC-20171124WXTL with PID 1836 (E:\myworkspace\workspacefirst\codeBySC2\server\eurka\target\classes started by Administrator in E:\myworkspace\workspacefirst\codeBySC2\backend\backend)
2018-05-28 10:30:13.806  INFO 1836 --- [main] com.boke.eureka.eurka.EurkaApplication   : The following profiles are active: dev
2018-05-28 10:30:13.842  INFO 1836 --- [main] ConfigServletWebServerApplicationContext : Refreshing org.springframework.boot.web.servlet.context.AnnotationConfigServletWebServerApplicationContext@33990a0c: startup date [Mon May 28 10:30:13 CST 2018]; root of context hierarchy
2018-05-28 10:30:13.938  WARN 1836 --- [main] ConfigServletWebServerApplicationContext : Exception encountered during context initialization - cancelling refresh attempt: org.springframework.beans.factory.BeanDefinitionStoreException: Failed to process import candidates for configuration class [com.boke.eureka.eurka.EurkaApplication]; nested exception is java.lang.IllegalStateException: Could not evaluate condition on org.springframework.cloud.netflix.eureka.EurekaDiscoveryClientConfiguration due to org/springframework/boot/bind/RelaxedPropertyResolver not found. Make sure your own configuration does not rely on that class. This can also happen if you are @ComponentScanning a springframework package (e.g. if you put a @ComponentScan in the default package by mistake)
